(0.001) 
            SELECT name, type FROM sqlite_master
            WHERE type in ('table', 'view') AND NOT name='sqlite_sequence'
            ORDER BY name; args=None
(0.000) SELECT "django_migrations"."app", "django_migrations"."name" FROM "django_migrations"; args=()
"POST /writer/RegisterWriter HTTP/1.1" 403 2502
(0.005) SELECT "django_session"."session_key", "django_session"."session_data", "django_session"."expire_date" FROM "django_session" WHERE ("django_session"."session_key" = 'z93gymxbl18a7kj27g9iuolnhui08h4v' AND "django_session"."expire_date" > '2016-11-02 15:25:22.459594'); args=('z93gymxbl18a7kj27g9iuolnhui08h4v', u'2016-11-02 15:25:22.459594')
(0.001) SELECT "auth_user"."id", "auth_user"."password", "auth_user"."last_login", "auth_user"."is_superuser", "auth_user"."username", "auth_user"."first_name", "auth_user"."last_name", "auth_user"."email", "auth_user"."is_staff", "auth_user"."is_active", "auth_user"."date_joined" FROM "auth_user" WHERE "auth_user"."id" = 1; args=(1,)
"GET / HTTP/1.1" 200 2379
(0.006) SELECT "django_session"."session_key", "django_session"."session_data", "django_session"."expire_date" FROM "django_session" WHERE ("django_session"."session_key" = 'z93gymxbl18a7kj27g9iuolnhui08h4v' AND "django_session"."expire_date" > '2016-11-02 15:25:25.218623'); args=('z93gymxbl18a7kj27g9iuolnhui08h4v', u'2016-11-02 15:25:25.218623')
(0.002) SELECT "auth_user"."id", "auth_user"."password", "auth_user"."last_login", "auth_user"."is_superuser", "auth_user"."username", "auth_user"."first_name", "auth_user"."last_name", "auth_user"."email", "auth_user"."is_staff", "auth_user"."is_active", "auth_user"."date_joined" FROM "auth_user" WHERE "auth_user"."id" = 1; args=(1,)
(0.000) SELECT "django_session"."session_key", "django_session"."session_data", "django_session"."expire_date" FROM "django_session" WHERE "django_session"."session_key" = 'z93gymxbl18a7kj27g9iuolnhui08h4v'; args=('z93gymxbl18a7kj27g9iuolnhui08h4v',)
(0.000) BEGIN; args=None
(0.003) DELETE FROM "django_session" WHERE "django_session"."session_key" IN ('z93gymxbl18a7kj27g9iuolnhui08h4v'); args=(u'z93gymxbl18a7kj27g9iuolnhui08h4v',)
"GET /logout/ HTTP/1.1" 302 0
"GET /index HTTP/1.1" 200 2012
"GET /writer/RegisterWriter HTTP/1.1" 200 3390
(0.001) SELECT (1) AS "a" FROM "auth_user" WHERE "auth_user"."username" = 'fran' LIMIT 1; args=(u'fran',)
(0.000) BEGIN; args=None
"POST /writer/RegisterWriter HTTP/1.1" 200 3532
(0.001) SELECT (1) AS "a" FROM "auth_user" WHERE "auth_user"."username" = 'fran' LIMIT 1; args=(u'fran',)
(0.000) BEGIN; args=None
Exception while resolving variable 'form' in template 'RegisterWriter.html'.
Traceback (most recent call last):
  File "/home/francisco/.local/lib/python2.7/site-packages/django/template/base.py", line 907, in _resolve_lookup
    (bit, current))  # missing attribute
VariableDoesNotExist: Failed lookup for key [form] in u'[{\'False\': False, \'None\': None, \'True\': True}, {u\'csrf_token\': <SimpleLazyObject: <function _get_val at 0x7f2848a73c08>>, \'user\': <SimpleLazyObject: <django.contrib.auth.models.AnonymousUser object at 0x7f2848a855d0>>, \'perms\': <django.contrib.auth.context_processors.PermWrapper object at 0x7f2848a85b50>, \'DEFAULT_MESSAGE_LEVELS\': {\'DEBUG\': 10, \'INFO\': 20, \'WARNING\': 30, \'SUCCESS\': 25, \'ERROR\': 40}, \'messages\': <django.contrib.messages.storage.fallback.FallbackStorage object at 0x7f2848a851d0>, u\'request\': <WSGIRequest: POST \'/writer/RegisterWriter\'>}, {}, {\'color\': \'red\', \'newWriter\': None, \'newUser\': None, \'message\': \'Please Call The Administrator\', \'registerForm\': <WriterRegister bound=True, valid=True, fields=(username;first_name;last_name;email;password1;password2;pseudonym)>}, {\'block\': <Block Node: innerContents. Contents: [<TextNode: u\'\\n\\t<form method="post">\\n\\t\\t\'>, <IfNode>, <TextNode: u\'\\n\\t\\t\'>, <django.template.defaulttags.CsrfTokenNode object at 0x7f2848aa0d90>, <TextNode: u\'\\n\\t\\t<div style="color:#000\'>, <Variable Node: registerForm.username.label>, <TextNode: u\'</p>\\n                \'>, <Variable Node: registerForm.username>, <TextNode: u\'\\n            </div>\\n\\t\\t\\t<d\'>, <Variable Node: registerForm.email.label>, <TextNode: u\'</p>\\n\\t\\t\\t\\t\'>, <Variable Node: registerForm.email>, <TextNode: u\'\\n\\t\\t\\t</div>\\n\\t\\t\\t<br>\\n\\t\\t\\t<di\'>, <Variable Node: registerForm.password1.label>, <TextNode: u\'</p>\\n\\t\\t\\t\\t\'>, <Variable Node: registerForm.password1>, <TextNode: u\'\\n\\t\\t\\t</div>\\n\\t\\t\\t<br>\\n\\t\\t\\t<di\'>, <Variable Node: registerForm.password2.label>, <TextNode: u\'</p>\\n\\t\\t\\t\\t\'>, <Variable Node: registerForm.password2>, <TextNode: u\'\\n\\t\\t\\t</div>\\n\\t\\t\\t<br>\\n\\t\\t\\t<di\'>, <Variable Node: registerForm.first_name.label>, <TextNode: u\'</p>\\n\\t\\t\\t\\t\'>, <Variable Node: registerForm.first_name>, <TextNode: u\'\\n\\t\\t\\t</div>\\n\\t\\t\\t<br>\\n\\t\\t\\t<di\'>, <Variable Node: registerForm.last_name.label>, <TextNode: u\'</p>\\n\\t\\t\\t\\t\'>, <Variable Node: registerForm.last_name>, <TextNode: u\'\\n\\t\\t\\t</div>\\n\\t\\t\\t<br>\\n\\t\\t\\t<di\'>, <Variable Node: registerForm.pseudonym.label>, <TextNode: u\'</p>\\n\\t\\t\\t\\t\'>, <Variable Node: registerForm.pseudonym>, <TextNode: u\'\\n\\t\\t\\t</div>\\n\\t\\t\\t<br>\\n\\t\\t\\t<di\'>]>}]'
"POST /writer/RegisterWriter HTTP/1.1" 200 3480
(0.001) SELECT (1) AS "a" FROM "auth_user" WHERE "auth_user"."username" = 'fran' LIMIT 1; args=(u'fran',)
(0.000) BEGIN; args=None
"POST /writer/RegisterWriter HTTP/1.1" 200 3480
(0.012) SELECT (1) AS "a" FROM "auth_user" WHERE "auth_user"."username" = 'fran' LIMIT 1; args=(u'fran',)
(0.000) BEGIN; args=None
"POST /writer/RegisterWriter HTTP/1.1" 200 3480
(0.006) 
            SELECT name, type FROM sqlite_master
            WHERE type in ('table', 'view') AND NOT name='sqlite_sequence'
            ORDER BY name; args=None
(0.000) SELECT "django_migrations"."app", "django_migrations"."name" FROM "django_migrations"; args=()
(0.006) 
            SELECT name, type FROM sqlite_master
            WHERE type in ('table', 'view') AND NOT name='sqlite_sequence'
            ORDER BY name; args=None
(0.000) SELECT "django_migrations"."app", "django_migrations"."name" FROM "django_migrations"; args=()
(0.006) SELECT (1) AS "a" FROM "auth_user" WHERE "auth_user"."username" = 'fran' LIMIT 1; args=(u'fran',)
(0.000) BEGIN; args=None
"POST /writer/RegisterWriter HTTP/1.1" 200 3482
(0.001) 
            SELECT name, type FROM sqlite_master
            WHERE type in ('table', 'view') AND NOT name='sqlite_sequence'
            ORDER BY name; args=None
(0.000) SELECT "django_migrations"."app", "django_migrations"."name" FROM "django_migrations"; args=()
(0.002) SELECT (1) AS "a" FROM "auth_user" WHERE "auth_user"."username" = 'fran' LIMIT 1; args=(u'fran',)
(0.000) BEGIN; args=None
"POST /writer/RegisterWriter HTTP/1.1" 500 77925
(0.001) 
            SELECT name, type FROM sqlite_master
            WHERE type in ('table', 'view') AND NOT name='sqlite_sequence'
            ORDER BY name; args=None
(0.000) SELECT "django_migrations"."app", "django_migrations"."name" FROM "django_migrations"; args=()
(0.006) SELECT (1) AS "a" FROM "auth_user" WHERE "auth_user"."username" = 'fran' LIMIT 1; args=(u'fran',)
(0.000) BEGIN; args=None
(0.001) INSERT INTO "auth_user" ("password", "last_login", "is_superuser", "username", "first_name", "last_name", "email", "is_staff", "is_active", "date_joined") VALUES ('', NULL, 0, 'fran', 'Francisco', 'Sucre', 'fsucre@turpialdev.com', 0, 1, '2016-11-02 15:39:33.241941'); args=[u'', None, False, u'fran', u'Francisco', u'Sucre', u'fsucre@turpialdev.com', False, True, u'2016-11-02 15:39:33.241941']
(0.001) INSERT INTO "writer_writer" ("user_id", "pseudonym") SELECT NULL, 'El Mio'; args=(None, u'El Mio')
"POST /writer/RegisterWriter HTTP/1.1" 200 3482
"GET /admin/auth/user/ HTTP/1.1" 302 0
Exception while resolving variable 'is_popup' in template 'admin/login.html'.
Traceback (most recent call last):
  File "/home/francisco/.local/lib/python2.7/site-packages/django/template/base.py", line 907, in _resolve_lookup
    (bit, current))  # missing attribute
VariableDoesNotExist: Failed lookup for key [is_popup] in u"[{'False': False, 'None': None, 'True': True}, {u'csrf_token': <SimpleLazyObject: <function _get_val at 0x7f920ade4d70>>, 'user': <SimpleLazyObject: <django.contrib.auth.models.AnonymousUser object at 0x7f920add6fd0>>, 'perms': <django.contrib.auth.context_processors.PermWrapper object at 0x7f920ad39350>, 'DEFAULT_MESSAGE_LEVELS': {'DEBUG': 10, 'INFO': 20, 'WARNING': 30, 'SUCCESS': 25, 'ERROR': 40}, 'messages': <django.contrib.messages.storage.fallback.FallbackStorage object at 0x7f920add6ed0>, u'request': <WSGIRequest: GET '/admin/login/?next=/admin/auth/user/'>}, {}, {'username': u'', 'app_path': u'/admin/login/?next=/admin/auth/user/', 'available_apps': [], 'site_name': '127.0.0.1:8000', 'form': <AdminAuthenticationForm bound=False, valid=Unknown, fields=(username;password)>, 'title': u'Log in', 'site_header': <django.utils.functional.__proxy__ object at 0x7f9218b6eb10>, 'site': <django.contrib.sites.requests.RequestSite object at 0x7f920ad92f50>, 'next': u'/admin/auth/user/', 'site_title': <django.utils.functional.__proxy__ object at 0x7f9218b6e490>, u'LANGUAGE_CODE': 'en-us', 'has_permission': False, 'site_url': '/', u'LANGUAGE_BIDI': False}]"
Exception while resolving variable 'is_popup' in template 'admin/login.html'.
Traceback (most recent call last):
  File "/home/francisco/.local/lib/python2.7/site-packages/django/template/base.py", line 907, in _resolve_lookup
    (bit, current))  # missing attribute
VariableDoesNotExist: Failed lookup for key [is_popup] in u"[{'False': False, 'None': None, 'True': True}, {u'csrf_token': <SimpleLazyObject: <function _get_val at 0x7f920ade4d70>>, 'user': <SimpleLazyObject: <django.contrib.auth.models.AnonymousUser object at 0x7f920add6fd0>>, 'perms': <django.contrib.auth.context_processors.PermWrapper object at 0x7f920ad39350>, 'DEFAULT_MESSAGE_LEVELS': {'DEBUG': 10, 'INFO': 20, 'WARNING': 30, 'SUCCESS': 25, 'ERROR': 40}, 'messages': <django.contrib.messages.storage.fallback.FallbackStorage object at 0x7f920add6ed0>, u'request': <WSGIRequest: GET '/admin/login/?next=/admin/auth/user/'>}, {}, {'username': u'', 'app_path': u'/admin/login/?next=/admin/auth/user/', 'available_apps': [], 'site_name': '127.0.0.1:8000', 'form': <AdminAuthenticationForm bound=False, valid=Unknown, fields=(username;password)>, 'title': u'Log in', 'site_header': <django.utils.functional.__proxy__ object at 0x7f9218b6eb10>, 'site': <django.contrib.sites.requests.RequestSite object at 0x7f920ad92f50>, 'next': u'/admin/auth/user/', 'site_title': <django.utils.functional.__proxy__ object at 0x7f9218b6e490>, u'LANGUAGE_CODE': 'en-us', 'has_permission': False, 'site_url': '/', u'LANGUAGE_BIDI': False}]"
"GET /admin/login/?next=/admin/auth/user/ HTTP/1.1" 200 1689
"GET /commons/static/admin/css/base.css HTTP/1.1" 304 0
"GET /commons/static/admin/css/login.css HTTP/1.1" 304 0
"GET /commons/static/admin/css/fonts.css HTTP/1.1" 304 0
(0.004) SELECT "auth_user"."id", "auth_user"."password", "auth_user"."last_login", "auth_user"."is_superuser", "auth_user"."username", "auth_user"."first_name", "auth_user"."last_name", "auth_user"."email", "auth_user"."is_staff", "auth_user"."is_active", "auth_user"."date_joined" FROM "auth_user" WHERE "auth_user"."username" = 'francisco'; args=(u'francisco',)
(0.000) SELECT (1) AS "a" FROM "django_session" WHERE "django_session"."session_key" = 'afno31w910t5t2u2qmb5g2r71ac6ra7c' LIMIT 1; args=(u'afno31w910t5t2u2qmb5g2r71ac6ra7c',)
(0.000) BEGIN; args=None
(0.001) INSERT INTO "django_session" ("session_key", "session_data", "expire_date") SELECT 'afno31w910t5t2u2qmb5g2r71ac6ra7c', 'YzE4YzA2NjA2NTgxMTY1Y2YwNzFhMDY1ZDU3NzBjZjJkNTAyYzFmZTp7fQ==', '2016-11-16 15:40:10.933977'; args=(u'afno31w910t5t2u2qmb5g2r71ac6ra7c', u'YzE4YzA2NjA2NTgxMTY1Y2YwNzFhMDY1ZDU3NzBjZjJkNTAyYzFmZTp7fQ==', u'2016-11-16 15:40:10.933977')
(0.000) BEGIN; args=None
(0.001) UPDATE "auth_user" SET "last_login" = '2016-11-02 15:40:10.954904' WHERE "auth_user"."id" = 1; args=(u'2016-11-02 15:40:10.954904', 1)
(0.000) BEGIN; args=None
(0.005) UPDATE "django_session" SET "session_data" = 'OTI3YmQ5ZDA5YmUzOGMxMTEyODlkYjRkZjFjYTkyNGZjMzE1YmFkNzp7Il9hdXRoX3VzZXJfaGFzaCI6IjBlZjc5OTBjNjk2OWNlYjc5ZGZhYTI0ZTJlZmFkYjY3NWI2ZjZmYmEiLCJfYXV0aF91c2VyX2JhY2tlbmQiOiJkamFuZ28uY29udHJpYi5hdXRoLmJhY2tlbmRzLk1vZGVsQmFja2VuZCIsIl9hdXRoX3VzZXJfaWQiOiIxIn0=', "expire_date" = '2016-11-16 15:40:10.978653' WHERE "django_session"."session_key" = 'afno31w910t5t2u2qmb5g2r71ac6ra7c'; args=(u'OTI3YmQ5ZDA5YmUzOGMxMTEyODlkYjRkZjFjYTkyNGZjMzE1YmFkNzp7Il9hdXRoX3VzZXJfaGFzaCI6IjBlZjc5OTBjNjk2OWNlYjc5ZGZhYTI0ZTJlZmFkYjY3NWI2ZjZmYmEiLCJfYXV0aF91c2VyX2JhY2tlbmQiOiJkamFuZ28uY29udHJpYi5hdXRoLmJhY2tlbmRzLk1vZGVsQmFja2VuZCIsIl9hdXRoX3VzZXJfaWQiOiIxIn0=', u'2016-11-16 15:40:10.978653', u'afno31w910t5t2u2qmb5g2r71ac6ra7c')
"POST /admin/login/?next=/admin/auth/user/ HTTP/1.1" 302 0
(0.011) SELECT "django_session"."session_key", "django_session"."session_data", "django_session"."expire_date" FROM "django_session" WHERE ("django_session"."session_key" = 'afno31w910t5t2u2qmb5g2r71ac6ra7c' AND "django_session"."expire_date" > '2016-11-02 15:40:11.101251'); args=('afno31w910t5t2u2qmb5g2r71ac6ra7c', u'2016-11-02 15:40:11.101251')
(0.001) SELECT "auth_user"."id", "auth_user"."password", "auth_user"."last_login", "auth_user"."is_superuser", "auth_user"."username", "auth_user"."first_name", "auth_user"."last_name", "auth_user"."email", "auth_user"."is_staff", "auth_user"."is_active", "auth_user"."date_joined" FROM "auth_user" WHERE "auth_user"."id" = 1; args=(1,)
(0.000) SELECT "auth_group"."id", "auth_group"."name" FROM "auth_group"; args=()
(0.010) SELECT COUNT(*) FROM (SELECT DISTINCT "auth_user"."id" AS Col1, "auth_user"."password" AS Col2, "auth_user"."last_login" AS Col3, "auth_user"."is_superuser" AS Col4, "auth_user"."username" AS Col5, "auth_user"."first_name" AS Col6, "auth_user"."last_name" AS Col7, "auth_user"."email" AS Col8, "auth_user"."is_staff" AS Col9, "auth_user"."is_active" AS Col10, "auth_user"."date_joined" AS Col11 FROM "auth_user") subquery; args=()
(0.000) SELECT COUNT(*) AS "__count" FROM "auth_user"; args=()
(0.002) SELECT DISTINCT "auth_user"."id", "auth_user"."password", "auth_user"."last_login", "auth_user"."is_superuser", "auth_user"."username", "auth_user"."first_name", "auth_user"."last_name", "auth_user"."email", "auth_user"."is_staff", "auth_user"."is_active", "auth_user"."date_joined" FROM "auth_user" ORDER BY "auth_user"."username" ASC, "auth_user"."id" DESC; args=()
Exception while resolving variable 'errors' in template 'admin/change_list.html'.
Traceback (most recent call last):
  File "/home/francisco/.local/lib/python2.7/site-packages/django/template/base.py", line 907, in _resolve_lookup
    (bit, current))  # missing attribute
VariableDoesNotExist: Failed lookup for key [errors] in u'None'
Exception while resolving variable 'show' in template 'admin/change_list.html'.
Traceback (most recent call last):
  File "/home/francisco/.local/lib/python2.7/site-packages/django/template/base.py", line 907, in _resolve_lookup
    (bit, current))  # missing attribute
VariableDoesNotExist: Failed lookup for key [show] in u"[{'False': False, 'None': None, 'True': True, 'csrf_token': <SimpleLazyObject: <function _get_val at 0x7f921c82b938>>}]"
Exception while resolving variable 'is_multipart' in template 'admin/change_list.html'.
Traceback (most recent call last):
  File "/home/francisco/.local/lib/python2.7/site-packages/django/template/base.py", line 907, in _resolve_lookup
    (bit, current))  # missing attribute
VariableDoesNotExist: Failed lookup for key [is_multipart] in u'None'
Exception while resolving variable 'non_field_errors' in template 'admin/change_list.html'.
Traceback (most recent call last):
  File "/home/francisco/.local/lib/python2.7/site-packages/django/template/base.py", line 907, in _resolve_lookup
    (bit, current))  # missing attribute
VariableDoesNotExist: Failed lookup for key [non_field_errors] in u'None'
Exception while resolving variable 'non_field_errors' in template 'admin/change_list.html'.
Traceback (most recent call last):
  File "/home/francisco/.local/lib/python2.7/site-packages/django/template/base.py", line 907, in _resolve_lookup
    (bit, current))  # missing attribute
VariableDoesNotExist: Failed lookup for key [non_field_errors] in u'None'
"GET /admin/auth/user/ HTTP/1.1" 200 6912
(0.007) SELECT "django_session"."session_key", "django_session"."session_data", "django_session"."expire_date" FROM "django_session" WHERE ("django_session"."session_key" = 'afno31w910t5t2u2qmb5g2r71ac6ra7c' AND "django_session"."expire_date" > '2016-11-02 15:40:12.131208'); args=('afno31w910t5t2u2qmb5g2r71ac6ra7c', u'2016-11-02 15:40:12.131208')
(0.001) SELECT "auth_user"."id", "auth_user"."password", "auth_user"."last_login", "auth_user"."is_superuser", "auth_user"."username", "auth_user"."first_name", "auth_user"."last_name", "auth_user"."email", "auth_user"."is_staff", "auth_user"."is_active", "auth_user"."date_joined" FROM "auth_user" WHERE "auth_user"."id" = 1; args=(1,)
"GET /admin/jsi18n/ HTTP/1.1" 200 3217
"GET /commons/static/admin/img/icon-no.svg HTTP/1.1" 200 560
(0.005) SELECT "django_session"."session_key", "django_session"."session_data", "django_session"."expire_date" FROM "django_session" WHERE ("django_session"."session_key" = 'afno31w910t5t2u2qmb5g2r71ac6ra7c' AND "django_session"."expire_date" > '2016-11-02 15:40:16.692188'); args=('afno31w910t5t2u2qmb5g2r71ac6ra7c', u'2016-11-02 15:40:16.692188')
(0.010) SELECT "auth_user"."id", "auth_user"."password", "auth_user"."last_login", "auth_user"."is_superuser", "auth_user"."username", "auth_user"."first_name", "auth_user"."last_name", "auth_user"."email", "auth_user"."is_staff", "auth_user"."is_active", "auth_user"."date_joined" FROM "auth_user" WHERE "auth_user"."id" = 1; args=(1,)
(0.000) BEGIN; args=None
(0.000) SELECT "auth_user"."id", "auth_user"."password", "auth_user"."last_login", "auth_user"."is_superuser", "auth_user"."username", "auth_user"."first_name", "auth_user"."last_name", "auth_user"."email", "auth_user"."is_staff", "auth_user"."is_active", "auth_user"."date_joined" FROM "auth_user" WHERE "auth_user"."id" = 2; args=(2,)
(0.000) SELECT "django_content_type"."id", "django_content_type"."app_label", "django_content_type"."model" FROM "django_content_type" WHERE ("django_content_type"."model" = 'user' AND "django_content_type"."app_label" = 'auth'); args=('user', 'auth')
(0.000) SELECT "auth_group"."id", "auth_group"."name" FROM "auth_group" INNER JOIN "auth_user_groups" ON ("auth_group"."id" = "auth_user_groups"."group_id") WHERE "auth_user_groups"."user_id" = 2; args=(2,)
(0.000) SELECT "auth_group"."id", "auth_group"."name" FROM "auth_group" ORDER BY "auth_group"."name" ASC; args=()
Exception while resolving variable 'can_change_related' in template 'admin/related_widget_wrapper.html'.
Traceback (most recent call last):
  File "/home/francisco/.local/lib/python2.7/site-packages/django/template/base.py", line 907, in _resolve_lookup
    (bit, current))  # missing attribute
VariableDoesNotExist: Failed lookup for key [can_change_related] in u'[{\'False\': False, \'None\': None, \'True\': True}, {u\'widget\': u\'<select multiple="multiple" class="selectfilter" data-field-name="groups" data-is-stacked="0" id="id_groups" name="groups">\\n</select>\', \'add_related_url\': u\'/admin/auth/group/add/\', u\'name\': \'groups\', \'can_add_related\': True, u\'model\': <django.utils.functional.__proxy__ object at 0x7f9218586350>, u\'url_params\': u\'_to_field=id&_popup=1\'}, {\'block\': <Block Node: links. Contents: [<TextNode: u\'\\n        \'>, <IfNode>, <TextNode: u\'\\n        \'>, <IfNode>, <TextNode: u\'\\n        \'>, <IfNode>, <TextNode: u\'\\n    \'>]>}]'
Exception while resolving variable 'can_delete_related' in template 'admin/related_widget_wrapper.html'.
Traceback (most recent call last):
  File "/home/francisco/.local/lib/python2.7/site-packages/django/template/base.py", line 907, in _resolve_lookup
    (bit, current))  # missing attribute
VariableDoesNotExist: Failed lookup for key [can_delete_related] in u'[{\'False\': False, \'None\': None, \'True\': True}, {u\'widget\': u\'<select multiple="multiple" class="selectfilter" data-field-name="groups" data-is-stacked="0" id="id_groups" name="groups">\\n</select>\', \'add_related_url\': u\'/admin/auth/group/add/\', u\'name\': \'groups\', \'can_add_related\': True, u\'model\': <django.utils.functional.__proxy__ object at 0x7f9218586350>, u\'url_params\': u\'_to_field=id&_popup=1\'}, {\'block\': <Block Node: links. Contents: [<TextNode: u\'\\n        \'>, <IfNode>, <TextNode: u\'\\n        \'>, <IfNode>, <TextNode: u\'\\n        \'>, <IfNode>, <TextNode: u\'\\n    \'>]>}]'
(0.000) SELECT "auth_permission"."id", "auth_permission"."name", "auth_permission"."content_type_id", "auth_permission"."codename" FROM "auth_permission" INNER JOIN "auth_user_user_permissions" ON ("auth_permission"."id" = "auth_user_user_permissions"."permission_id") INNER JOIN "django_content_type" ON ("auth_permission"."content_type_id" = "django_content_type"."id") WHERE "auth_user_user_permissions"."user_id" = 2 ORDER BY "django_content_type"."app_label" ASC, "django_content_type"."model" ASC, "auth_permission"."codename" ASC; args=(2,)
(0.000) SELECT "auth_permission"."id", "auth_permission"."name", "auth_permission"."content_type_id", "auth_permission"."codename", "django_content_type"."id", "django_content_type"."app_label", "django_content_type"."model" FROM "auth_permission" INNER JOIN "django_content_type" ON ("auth_permission"."content_type_id" = "django_content_type"."id") ORDER BY "django_content_type"."app_label" ASC, "django_content_type"."model" ASC, "auth_permission"."codename" ASC; args=()
Exception while resolving variable 'can_change_related' in template 'admin/related_widget_wrapper.html'.
Traceback (most recent call last):
  File "/home/francisco/.local/lib/python2.7/site-packages/django/template/base.py", line 907, in _resolve_lookup
    (bit, current))  # missing attribute
VariableDoesNotExist: Failed lookup for key [can_change_related] in u'[{\'False\': False, \'None\': None, \'True\': True}, {u\'model\': <django.utils.functional.__proxy__ object at 0x7f921857ed50>, u\'widget\': u\'<select multiple="multiple" class="selectfilter" data-field-name="user permissions" data-is-stacked="0" id="id_user_permissions" name="user_permissions">\\n<option value="1">admin | log entry | Can add log entry</option>\\n<option value="2">admin | log entry | Can change log entry</option>\\n<option value="3">admin | log entry | Can delete log entry</option>\\n<option value="22">article | article | Can add article</option>\\n<option value="23">article | article | Can change article</option>\\n<option value="24">article | article | Can delete article</option>\\n<option value="10">auth | group | Can add group</option>\\n<option value="11">auth | group | Can change group</option>\\n<option value="12">auth | group | Can delete group</option>\\n<option value="4">auth | permission | Can add permission</option>\\n<option value="5">auth | permission | Can change permission</option>\\n<option value="6">auth | permission | Can delete permission</option>\\n<option value="7">auth | user | Can add user</option>\\n<option value="8">auth | user | Can change user</option>\\n<option value="9">auth | user | Can delete user</option>\\n<option value="13">contenttypes | content type | Can add content type</option>\\n<option value="14">contenttypes | content type | Can change content type</option>\\n<option value="15">contenttypes | content type | Can delete content type</option>\\n<option value="16">sessions | session | Can add session</option>\\n<option value="17">sessions | session | Can change session</option>\\n<option value="18">sessions | session | Can delete session</option>\\n<option value="19">writer | writer | Can add writer</option>\\n<option value="20">writer | writer | Can change writer</option>\\n<option value="21">writer | writer | Can delete writer</option>\\n</select>\', u\'name\': \'user_permissions\', u\'url_params\': u\'_to_field=id&_popup=1\'}, {\'block\': <Block Node: links. Contents: [<TextNode: u\'\\n        \'>, <IfNode>, <TextNode: u\'\\n        \'>, <IfNode>, <TextNode: u\'\\n        \'>, <IfNode>, <TextNode: u\'\\n    \'>]>}]'
Exception while resolving variable 'can_add_related' in template 'admin/related_widget_wrapper.html'.
Traceback (most recent call last):
  File "/home/francisco/.local/lib/python2.7/site-packages/django/template/base.py", line 907, in _resolve_lookup
    (bit, current))  # missing attribute
VariableDoesNotExist: Failed lookup for key [can_add_related] in u'[{\'False\': False, \'None\': None, \'True\': True}, {u\'model\': <django.utils.functional.__proxy__ object at 0x7f921857ed50>, u\'widget\': u\'<select multiple="multiple" class="selectfilter" data-field-name="user permissions" data-is-stacked="0" id="id_user_permissions" name="user_permissions">\\n<option value="1">admin | log entry | Can add log entry</option>\\n<option value="2">admin | log entry | Can change log entry</option>\\n<option value="3">admin | log entry | Can delete log entry</option>\\n<option value="22">article | article | Can add article</option>\\n<option value="23">article | article | Can change article</option>\\n<option value="24">article | article | Can delete article</option>\\n<option value="10">auth | group | Can add group</option>\\n<option value="11">auth | group | Can change group</option>\\n<option value="12">auth | group | Can delete group</option>\\n<option value="4">auth | permission | Can add permission</option>\\n<option value="5">auth | permission | Can change permission</option>\\n<option value="6">auth | permission | Can delete permission</option>\\n<option value="7">auth | user | Can add user</option>\\n<option value="8">auth | user | Can change user</option>\\n<option value="9">auth | user | Can delete user</option>\\n<option value="13">contenttypes | content type | Can add content type</option>\\n<option value="14">contenttypes | content type | Can change content type</option>\\n<option value="15">contenttypes | content type | Can delete content type</option>\\n<option value="16">sessions | session | Can add session</option>\\n<option value="17">sessions | session | Can change session</option>\\n<option value="18">sessions | session | Can delete session</option>\\n<option value="19">writer | writer | Can add writer</option>\\n<option value="20">writer | writer | Can change writer</option>\\n<option value="21">writer | writer | Can delete writer</option>\\n</select>\', u\'name\': \'user_permissions\', u\'url_params\': u\'_to_field=id&_popup=1\'}, {\'block\': <Block Node: links. Contents: [<TextNode: u\'\\n        \'>, <IfNode>, <TextNode: u\'\\n        \'>, <IfNode>, <TextNode: u\'\\n        \'>, <IfNode>, <TextNode: u\'\\n    \'>]>}]'
Exception while resolving variable 'can_delete_related' in template 'admin/related_widget_wrapper.html'.
Traceback (most recent call last):
  File "/home/francisco/.local/lib/python2.7/site-packages/django/template/base.py", line 907, in _resolve_lookup
    (bit, current))  # missing attribute
VariableDoesNotExist: Failed lookup for key [can_delete_related] in u'[{\'False\': False, \'None\': None, \'True\': True}, {u\'model\': <django.utils.functional.__proxy__ object at 0x7f921857ed50>, u\'widget\': u\'<select multiple="multiple" class="selectfilter" data-field-name="user permissions" data-is-stacked="0" id="id_user_permissions" name="user_permissions">\\n<option value="1">admin | log entry | Can add log entry</option>\\n<option value="2">admin | log entry | Can change log entry</option>\\n<option value="3">admin | log entry | Can delete log entry</option>\\n<option value="22">article | article | Can add article</option>\\n<option value="23">article | article | Can change article</option>\\n<option value="24">article | article | Can delete article</option>\\n<option value="10">auth | group | Can add group</option>\\n<option value="11">auth | group | Can change group</option>\\n<option value="12">auth | group | Can delete group</option>\\n<option value="4">auth | permission | Can add permission</option>\\n<option value="5">auth | permission | Can change permission</option>\\n<option value="6">auth | permission | Can delete permission</option>\\n<option value="7">auth | user | Can add user</option>\\n<option value="8">auth | user | Can change user</option>\\n<option value="9">auth | user | Can delete user</option>\\n<option value="13">contenttypes | content type | Can add content type</option>\\n<option value="14">contenttypes | content type | Can change content type</option>\\n<option value="15">contenttypes | content type | Can delete content type</option>\\n<option value="16">sessions | session | Can add session</option>\\n<option value="17">sessions | session | Can change session</option>\\n<option value="18">sessions | session | Can delete session</option>\\n<option value="19">writer | writer | Can add writer</option>\\n<option value="20">writer | writer | Can change writer</option>\\n<option value="21">writer | writer | Can delete writer</option>\\n</select>\', u\'name\': \'user_permissions\', u\'url_params\': u\'_to_field=id&_popup=1\'}, {\'block\': <Block Node: links. Contents: [<TextNode: u\'\\n        \'>, <IfNode>, <TextNode: u\'\\n        \'>, <IfNode>, <TextNode: u\'\\n        \'>, <IfNode>, <TextNode: u\'\\n    \'>]>}]'
"GET /admin/auth/user/2/change/ HTTP/1.1" 200 13765
(0.003) SELECT "django_session"."session_key", "django_session"."session_data", "django_session"."expire_date" FROM "django_session" WHERE ("django_session"."session_key" = 'afno31w910t5t2u2qmb5g2r71ac6ra7c' AND "django_session"."expire_date" > '2016-11-02 15:40:17.595989'); args=('afno31w910t5t2u2qmb5g2r71ac6ra7c', u'2016-11-02 15:40:17.595989')
(0.001) SELECT "auth_user"."id", "auth_user"."password", "auth_user"."last_login", "auth_user"."is_superuser", "auth_user"."username", "auth_user"."first_name", "auth_user"."last_name", "auth_user"."email", "auth_user"."is_staff", "auth_user"."is_active", "auth_user"."date_joined" FROM "auth_user" WHERE "auth_user"."id" = 1; args=(1,)
"GET /commons/static/admin/js/SelectBox.js HTTP/1.1" 200 5755
"GET /commons/static/admin/js/SelectFilter2.js HTTP/1.1" 200 12389
"GET /commons/static/admin/js/calendar.js HTTP/1.1" 200 7790
"GET /admin/jsi18n/ HTTP/1.1" 200 3217
"GET /commons/static/admin/js/admin/DateTimeShortcuts.js HTTP/1.1" 200 20529
"GET /commons/static/admin/img/icon-unknown.svg HTTP/1.1" 200 655
"GET /commons/static/admin/img/selector-icons.svg HTTP/1.1" 200 3291
"GET /commons/static/admin/img/icon-unknown-alt.svg HTTP/1.1" 200 655
"GET /commons/static/admin/img/icon-calendar.svg HTTP/1.1" 200 1086
"GET /commons/static/admin/img/icon-clock.svg HTTP/1.1" 200 677
(0.002) SELECT "django_session"."session_key", "django_session"."session_data", "django_session"."expire_date" FROM "django_session" WHERE ("django_session"."session_key" = 'afno31w910t5t2u2qmb5g2r71ac6ra7c' AND "django_session"."expire_date" > '2016-11-02 15:40:27.927545'); args=('afno31w910t5t2u2qmb5g2r71ac6ra7c', u'2016-11-02 15:40:27.927545')
(0.001) SELECT "auth_user"."id", "auth_user"."password", "auth_user"."last_login", "auth_user"."is_superuser", "auth_user"."username", "auth_user"."first_name", "auth_user"."last_name", "auth_user"."email", "auth_user"."is_staff", "auth_user"."is_active", "auth_user"."date_joined" FROM "auth_user" WHERE "auth_user"."id" = 1; args=(1,)
"GET /admin/login/?next=/admin/auth/user/ HTTP/1.1" 302 0
(0.001) SELECT "django_session"."session_key", "django_session"."session_data", "django_session"."expire_date" FROM "django_session" WHERE ("django_session"."session_key" = 'afno31w910t5t2u2qmb5g2r71ac6ra7c' AND "django_session"."expire_date" > '2016-11-02 15:40:28.123756'); args=('afno31w910t5t2u2qmb5g2r71ac6ra7c', u'2016-11-02 15:40:28.123756')
(0.001) SELECT "auth_user"."id", "auth_user"."password", "auth_user"."last_login", "auth_user"."is_superuser", "auth_user"."username", "auth_user"."first_name", "auth_user"."last_name", "auth_user"."email", "auth_user"."is_staff", "auth_user"."is_active", "auth_user"."date_joined" FROM "auth_user" WHERE "auth_user"."id" = 1; args=(1,)
Exception while resolving variable 'is_popup' in template 'admin/index.html'.
Traceback (most recent call last):
  File "/home/francisco/.local/lib/python2.7/site-packages/django/template/base.py", line 907, in _resolve_lookup
    (bit, current))  # missing attribute
VariableDoesNotExist: Failed lookup for key [is_popup] in u"[{'False': False, 'None': None, 'True': True}, {u'csrf_token': <SimpleLazyObject: <function _get_val at 0x7f920adc3848>>, 'user': <SimpleLazyObject: <User: francisco>>, 'perms': <django.contrib.auth.context_processors.PermWrapper object at 0x7f920a4ce810>, 'DEFAULT_MESSAGE_LEVELS': {'DEBUG': 10, 'INFO': 20, 'WARNING': 30, 'SUCCESS': 25, 'ERROR': 40}, 'messages': <django.contrib.messages.storage.fallback.FallbackStorage object at 0x7f920a47f5d0>, u'request': <WSGIRequest: GET '/admin/'>}, {}, {'site_header': <django.utils.functional.__proxy__ object at 0x7f9218b6eb10>, 'available_apps': [{'app_url': u'/admin/article/', 'models': [{'perms': {u'add': True, u'change': True, u'delete': True}, 'admin_url': u'/admin/article/article/', 'object_name': 'Article', 'name': <django.utils.functional.__proxy__ object at 0x7f920a4ce310>, 'add_url': u'/admin/article/article/add/'}], 'has_module_perms': True, 'name': 'Article', 'app_label': 'article'}, {'app_url': u'/admin/auth/', 'models': [{'perms': {u'add': True, u'change': True, u'delete': True}, 'admin_url': u'/admin/auth/group/', 'object_name': 'Group', 'name': <django.utils.functional.__proxy__ object at 0x7f920a4cea10>, 'add_url': u'/admin/auth/group/add/'}, {'perms': {u'add': True, u'change': True, u'delete': True}, 'admin_url': u'/admin/auth/user/', 'object_name': 'User', 'name': <django.utils.functional.__proxy__ object at 0x7f920a4ce050>, 'add_url': u'/admin/auth/user/add/'}], 'has_module_perms': True, 'name': <django.utils.functional.__proxy__ object at 0x7f9218b1f790>, 'app_label': 'auth'}, {'app_url': u'/admin/writer/', 'models': [{'perms': {u'add': True, u'change': True, u'delete': True}, 'admin_url': u'/admin/writer/writer/', 'object_name': 'Writer', 'name': <django.utils.functional.__proxy__ object at 0x7f920a4ce1d0>, 'add_url': u'/admin/writer/writer/add/'}], 'has_module_perms': True, 'name': 'Writer', 'app_label': 'writer'}], 'site_title': <django.utils.functional.__proxy__ object at 0x7f9218b6e490>, 'title': <django.utils.functional.__proxy__ object at 0x7f9218b6eb50>, 'has_permission': True, 'app_list': [{'app_url': u'/admin/article/', 'models': [{'perms': {u'add': True, u'change': True, u'delete': True}, 'admin_url': u'/admin/article/article/', 'object_name': 'Article', 'name': <django.utils.functional.__proxy__ object at 0x7f920a4ceed0>, 'add_url': u'/admin/article/article/add/'}], 'has_module_perms': True, 'name': 'Article', 'app_label': 'article'}, {'app_url': u'/admin/auth/', 'models': [{'perms': {u'add': True, u'change': True, u'delete': True}, 'admin_url': u'/admin/auth/group/', 'object_name': 'Group', 'name': <django.utils.functional.__proxy__ object at 0x7f920a4cec90>, 'add_url': u'/admin/auth/group/add/'}, {'perms': {u'add': True, u'change': True, u'delete': True}, 'admin_url': u'/admin/auth/user/', 'object_name': 'User', 'name': <django.utils.functional.__proxy__ object at 0x7f920a4ce3d0>, 'add_url': u'/admin/auth/user/add/'}], 'has_module_perms': True, 'name': <django.utils.functional.__proxy__ object at 0x7f9218b1f790>, 'app_label': 'auth'}, {'app_url': u'/admin/writer/', 'models': [{'perms': {u'add': True, u'change': True, u'delete': True}, 'admin_url': u'/admin/writer/writer/', 'object_name': 'Writer', 'name': <django.utils.functional.__proxy__ object at 0x7f920a4cefd0>, 'add_url': u'/admin/writer/writer/add/'}], 'has_module_perms': True, 'name': 'Writer', 'app_label': 'writer'}], u'LANGUAGE_CODE': 'en-us', u'LANGUAGE_BIDI': False, 'site_url': '/'}]"
Exception while resolving variable 'is_popup' in template 'admin/index.html'.
Traceback (most recent call last):
  File "/home/francisco/.local/lib/python2.7/site-packages/django/template/base.py", line 907, in _resolve_lookup
    (bit, current))  # missing attribute
VariableDoesNotExist: Failed lookup for key [is_popup] in u"[{'False': False, 'None': None, 'True': True}, {u'csrf_token': <SimpleLazyObject: <function _get_val at 0x7f920adc3848>>, 'user': <SimpleLazyObject: <User: francisco>>, 'perms': <django.contrib.auth.context_processors.PermWrapper object at 0x7f920a4ce810>, 'DEFAULT_MESSAGE_LEVELS': {'DEBUG': 10, 'INFO': 20, 'WARNING': 30, 'SUCCESS': 25, 'ERROR': 40}, 'messages': <django.contrib.messages.storage.fallback.FallbackStorage object at 0x7f920a47f5d0>, u'request': <WSGIRequest: GET '/admin/'>}, {}, {'site_header': <django.utils.functional.__proxy__ object at 0x7f9218b6eb10>, 'available_apps': [{'app_url': u'/admin/article/', 'models': [{'perms': {u'add': True, u'change': True, u'delete': True}, 'admin_url': u'/admin/article/article/', 'object_name': 'Article', 'name': <django.utils.functional.__proxy__ object at 0x7f920a4ce310>, 'add_url': u'/admin/article/article/add/'}], 'has_module_perms': True, 'name': 'Article', 'app_label': 'article'}, {'app_url': u'/admin/auth/', 'models': [{'perms': {u'add': True, u'change': True, u'delete': True}, 'admin_url': u'/admin/auth/group/', 'object_name': 'Group', 'name': <django.utils.functional.__proxy__ object at 0x7f920a4cea10>, 'add_url': u'/admin/auth/group/add/'}, {'perms': {u'add': True, u'change': True, u'delete': True}, 'admin_url': u'/admin/auth/user/', 'object_name': 'User', 'name': <django.utils.functional.__proxy__ object at 0x7f920a4ce050>, 'add_url': u'/admin/auth/user/add/'}], 'has_module_perms': True, 'name': <django.utils.functional.__proxy__ object at 0x7f9218b1f790>, 'app_label': 'auth'}, {'app_url': u'/admin/writer/', 'models': [{'perms': {u'add': True, u'change': True, u'delete': True}, 'admin_url': u'/admin/writer/writer/', 'object_name': 'Writer', 'name': <django.utils.functional.__proxy__ object at 0x7f920a4ce1d0>, 'add_url': u'/admin/writer/writer/add/'}], 'has_module_perms': True, 'name': 'Writer', 'app_label': 'writer'}], 'site_title': <django.utils.functional.__proxy__ object at 0x7f9218b6e490>, 'title': <django.utils.functional.__proxy__ object at 0x7f9218b6eb50>, 'has_permission': True, 'app_list': [{'app_url': u'/admin/article/', 'models': [{'perms': {u'add': True, u'change': True, u'delete': True}, 'admin_url': u'/admin/article/article/', 'object_name': 'Article', 'name': <django.utils.functional.__proxy__ object at 0x7f920a4ceed0>, 'add_url': u'/admin/article/article/add/'}], 'has_module_perms': True, 'name': 'Article', 'app_label': 'article'}, {'app_url': u'/admin/auth/', 'models': [{'perms': {u'add': True, u'change': True, u'delete': True}, 'admin_url': u'/admin/auth/group/', 'object_name': 'Group', 'name': <django.utils.functional.__proxy__ object at 0x7f920a4cec90>, 'add_url': u'/admin/auth/group/add/'}, {'perms': {u'add': True, u'change': True, u'delete': True}, 'admin_url': u'/admin/auth/user/', 'object_name': 'User', 'name': <django.utils.functional.__proxy__ object at 0x7f920a4ce3d0>, 'add_url': u'/admin/auth/user/add/'}], 'has_module_perms': True, 'name': <django.utils.functional.__proxy__ object at 0x7f9218b1f790>, 'app_label': 'auth'}, {'app_url': u'/admin/writer/', 'models': [{'perms': {u'add': True, u'change': True, u'delete': True}, 'admin_url': u'/admin/writer/writer/', 'object_name': 'Writer', 'name': <django.utils.functional.__proxy__ object at 0x7f920a4cefd0>, 'add_url': u'/admin/writer/writer/add/'}], 'has_module_perms': True, 'name': 'Writer', 'app_label': 'writer'}], u'LANGUAGE_CODE': 'en-us', u'LANGUAGE_BIDI': False, 'site_url': '/'}]"
(0.001) SELECT "django_admin_log"."id", "django_admin_log"."action_time", "django_admin_log"."user_id", "django_admin_log"."content_type_id", "django_admin_log"."object_id", "django_admin_log"."object_repr", "django_admin_log"."action_flag", "django_admin_log"."change_message", "auth_user"."id", "auth_user"."password", "auth_user"."last_login", "auth_user"."is_superuser", "auth_user"."username", "auth_user"."first_name", "auth_user"."last_name", "auth_user"."email", "auth_user"."is_staff", "auth_user"."is_active", "auth_user"."date_joined", "django_content_type"."id", "django_content_type"."app_label", "django_content_type"."model" FROM "django_admin_log" INNER JOIN "auth_user" ON ("django_admin_log"."user_id" = "auth_user"."id") LEFT OUTER JOIN "django_content_type" ON ("django_admin_log"."content_type_id" = "django_content_type"."id") WHERE "django_admin_log"."user_id" = 1 ORDER BY "django_admin_log"."action_time" DESC LIMIT 10; args=(1,)
"GET /admin/ HTTP/1.1" 200 4438
(0.004) SELECT "django_session"."session_key", "django_session"."session_data", "django_session"."expire_date" FROM "django_session" WHERE ("django_session"."session_key" = 'afno31w910t5t2u2qmb5g2r71ac6ra7c' AND "django_session"."expire_date" > '2016-11-02 15:40:30.642949'); args=('afno31w910t5t2u2qmb5g2r71ac6ra7c', u'2016-11-02 15:40:30.642949')
(0.001) SELECT "auth_user"."id", "auth_user"."password", "auth_user"."last_login", "auth_user"."is_superuser", "auth_user"."username", "auth_user"."first_name", "auth_user"."last_name", "auth_user"."email", "auth_user"."is_staff", "auth_user"."is_active", "auth_user"."date_joined" FROM "auth_user" WHERE "auth_user"."id" = 1; args=(1,)
(0.000) SELECT COUNT(*) AS "__count" FROM "writer_writer"; args=()
(0.000) SELECT COUNT(*) AS "__count" FROM "writer_writer"; args=()
(0.000) SELECT "writer_writer"."user_id", "writer_writer"."pseudonym" FROM "writer_writer" ORDER BY "writer_writer"."user_id" DESC; args=()
Exception while resolving variable 'errors' in template 'admin/change_list.html'.
Traceback (most recent call last):
  File "/home/francisco/.local/lib/python2.7/site-packages/django/template/base.py", line 907, in _resolve_lookup
    (bit, current))  # missing attribute
VariableDoesNotExist: Failed lookup for key [errors] in u'None'
Exception while resolving variable 'show' in template 'admin/change_list.html'.
Traceback (most recent call last):
  File "/home/francisco/.local/lib/python2.7/site-packages/django/template/base.py", line 907, in _resolve_lookup
    (bit, current))  # missing attribute
VariableDoesNotExist: Failed lookup for key [show] in u"[{'False': False, 'None': None, 'True': True, 'csrf_token': <SimpleLazyObject: <function _get_val at 0x7f920ad8ded8>>}]"
Exception while resolving variable 'is_multipart' in template 'admin/change_list.html'.
Traceback (most recent call last):
  File "/home/francisco/.local/lib/python2.7/site-packages/django/template/base.py", line 907, in _resolve_lookup
    (bit, current))  # missing attribute
VariableDoesNotExist: Failed lookup for key [is_multipart] in u'None'
(0.001) SELECT "auth_user"."id", "auth_user"."password", "auth_user"."last_login", "auth_user"."is_superuser", "auth_user"."username", "auth_user"."first_name", "auth_user"."last_name", "auth_user"."email", "auth_user"."is_staff", "auth_user"."is_active", "auth_user"."date_joined" FROM "auth_user" WHERE "auth_user"."id" = 2; args=(2,)
(0.001) SELECT "auth_user"."id", "auth_user"."password", "auth_user"."last_login", "auth_user"."is_superuser", "auth_user"."username", "auth_user"."first_name", "auth_user"."last_name", "auth_user"."email", "auth_user"."is_staff", "auth_user"."is_active", "auth_user"."date_joined" FROM "auth_user" WHERE "auth_user"."id" = 1; args=(1,)
Exception while resolving variable 'non_field_errors' in template 'admin/change_list.html'.
Traceback (most recent call last):
  File "/home/francisco/.local/lib/python2.7/site-packages/django/template/base.py", line 907, in _resolve_lookup
    (bit, current))  # missing attribute
VariableDoesNotExist: Failed lookup for key [non_field_errors] in u'None'
Exception while resolving variable 'non_field_errors' in template 'admin/change_list.html'.
Traceback (most recent call last):
  File "/home/francisco/.local/lib/python2.7/site-packages/django/template/base.py", line 907, in _resolve_lookup
    (bit, current))  # missing attribute
VariableDoesNotExist: Failed lookup for key [non_field_errors] in u'None'
"GET /admin/writer/writer/ HTTP/1.1" 200 4545
(0.004) SELECT "django_session"."session_key", "django_session"."session_data", "django_session"."expire_date" FROM "django_session" WHERE ("django_session"."session_key" = 'afno31w910t5t2u2qmb5g2r71ac6ra7c' AND "django_session"."expire_date" > '2016-11-02 15:40:31.872009'); args=('afno31w910t5t2u2qmb5g2r71ac6ra7c', u'2016-11-02 15:40:31.872009')
(0.004) SELECT "auth_user"."id", "auth_user"."password", "auth_user"."last_login", "auth_user"."is_superuser", "auth_user"."username", "auth_user"."first_name", "auth_user"."last_name", "auth_user"."email", "auth_user"."is_staff", "auth_user"."is_active", "auth_user"."date_joined" FROM "auth_user" WHERE "auth_user"."id" = 1; args=(1,)
"GET /admin/jsi18n/ HTTP/1.1" 200 3217
(0.021) 
            SELECT name, type FROM sqlite_master
            WHERE type in ('table', 'view') AND NOT name='sqlite_sequence'
            ORDER BY name; args=None
(0.000) SELECT "django_migrations"."app", "django_migrations"."name" FROM "django_migrations"; args=()
"POST /writer/RegisterWriter HTTP/1.1" 403 2502
(0.007) SELECT "django_session"."session_key", "django_session"."session_data", "django_session"."expire_date" FROM "django_session" WHERE ("django_session"."session_key" = 'afno31w910t5t2u2qmb5g2r71ac6ra7c' AND "django_session"."expire_date" > '2016-11-02 15:43:31.136397'); args=('afno31w910t5t2u2qmb5g2r71ac6ra7c', u'2016-11-02 15:43:31.136397')
(0.001) SELECT "auth_user"."id", "auth_user"."password", "auth_user"."last_login", "auth_user"."is_superuser", "auth_user"."username", "auth_user"."first_name", "auth_user"."last_name", "auth_user"."email", "auth_user"."is_staff", "auth_user"."is_active", "auth_user"."date_joined" FROM "auth_user" WHERE "auth_user"."id" = 1; args=(1,)
"GET / HTTP/1.1" 200 2379
(0.009) SELECT "django_session"."session_key", "django_session"."session_data", "django_session"."expire_date" FROM "django_session" WHERE ("django_session"."session_key" = 'afno31w910t5t2u2qmb5g2r71ac6ra7c' AND "django_session"."expire_date" > '2016-11-02 15:43:35.026672'); args=('afno31w910t5t2u2qmb5g2r71ac6ra7c', u'2016-11-02 15:43:35.026672')
(0.002) SELECT "auth_user"."id", "auth_user"."password", "auth_user"."last_login", "auth_user"."is_superuser", "auth_user"."username", "auth_user"."first_name", "auth_user"."last_name", "auth_user"."email", "auth_user"."is_staff", "auth_user"."is_active", "auth_user"."date_joined" FROM "auth_user" WHERE "auth_user"."id" = 1; args=(1,)
(0.001) SELECT "django_session"."session_key", "django_session"."session_data", "django_session"."expire_date" FROM "django_session" WHERE "django_session"."session_key" = 'afno31w910t5t2u2qmb5g2r71ac6ra7c'; args=('afno31w910t5t2u2qmb5g2r71ac6ra7c',)
(0.000) BEGIN; args=None
(0.001) DELETE FROM "django_session" WHERE "django_session"."session_key" IN ('afno31w910t5t2u2qmb5g2r71ac6ra7c'); args=(u'afno31w910t5t2u2qmb5g2r71ac6ra7c',)
"GET /logout/ HTTP/1.1" 302 0
"GET /index HTTP/1.1" 200 2012
"GET /writer/RegisterWriter HTTP/1.1" 200 3397
(0.001) SELECT (1) AS "a" FROM "auth_user" WHERE "auth_user"."username" = 'franco' LIMIT 1; args=(u'franco',)
(0.000) BEGIN; args=None
(0.001) INSERT INTO "auth_user" ("password", "last_login", "is_superuser", "username", "first_name", "last_name", "email", "is_staff", "is_active", "date_joined") VALUES ('', NULL, 0, 'franco', 'sdsdf', 'sdfsdf', 'fsucre@integra.com', 0, 1, '2016-11-02 15:43:59.555878'); args=[u'', None, False, u'franco', u'sdsdf', u'sdfsdf', u'fsucre@integra.com', False, True, u'2016-11-02 15:43:59.555878']
(0.001) INSERT INTO "writer_writer" ("user_id", "pseudonym") SELECT NULL, 'dsfsdfsd'; args=(None, u'dsfsdfsd')
"POST /writer/RegisterWriter HTTP/1.1" 200 3572
(0.023) 
            SELECT name, type FROM sqlite_master
            WHERE type in ('table', 'view') AND NOT name='sqlite_sequence'
            ORDER BY name; args=None
(0.000) SELECT "django_migrations"."app", "django_migrations"."name" FROM "django_migrations"; args=()
