(0.000) SELECT "auth_group"."id", "auth_group"."name" FROM "auth_group" WHERE "auth_group"."name" = 'Writer'; args=('Writer',)
(0.000) SELECT "auth_group"."id", "auth_group"."name" FROM "auth_group" WHERE "auth_group"."name" = 'Writer'; args=('Writer',)
(0.000) SELECT "auth_group"."id", "auth_group"."name" FROM "auth_group" WHERE "auth_group"."name" = 'Writer'; args=('Writer',)
(0.000) SELECT "auth_group"."id", "auth_group"."name" FROM "auth_group" WHERE "auth_group"."name" = 'Writer'; args=('Writer',)
(0.000) SELECT "auth_group"."id", "auth_group"."name" FROM "auth_group" WHERE "auth_group"."name" = 'Writer'; args=('Writer',)
(0.000) SELECT "auth_group"."id", "auth_group"."name" FROM "auth_group" WHERE "auth_group"."name" = 'Writer'; args=('Writer',)
(0.000) SELECT "auth_group"."id", "auth_group"."name" FROM "auth_group" WHERE "auth_group"."name" = 'Writer'; args=('Writer',)
(0.000) SELECT "auth_group"."id", "auth_group"."name" FROM "auth_group" WHERE "auth_group"."name" = 'Writer'; args=('Writer',)
(0.000) 
            SELECT name, type FROM sqlite_master
            WHERE type in ('table', 'view') AND NOT name='sqlite_sequence'
            ORDER BY name; args=None
(0.000) PRAGMA foreign_keys; args=None
(0.000) PRAGMA foreign_keys = 0; args=None
(0.000) BEGIN; args=None
CREATE TABLE "django_migrations" ("id" integer NOT NULL PRIMARY KEY AUTOINCREMENT, "app" varchar(255) NOT NULL, "name" varchar(255) NOT NULL, "applied" datetime NOT NULL); (params None)
(0.000) CREATE TABLE "django_migrations" ("id" integer NOT NULL PRIMARY KEY AUTOINCREMENT, "app" varchar(255) NOT NULL, "name" varchar(255) NOT NULL, "applied" datetime NOT NULL); args=None
(0.000) PRAGMA foreign_keys = 0; args=None
(0.000) SELECT "django_migrations"."app", "django_migrations"."name" FROM "django_migrations"; args=()
(0.000) 
            SELECT name, type FROM sqlite_master
            WHERE type in ('table', 'view') AND NOT name='sqlite_sequence'
            ORDER BY name; args=None
(0.000) SELECT "django_migrations"."app", "django_migrations"."name" FROM "django_migrations"; args=()
(0.000) PRAGMA foreign_keys; args=None
(0.000) PRAGMA foreign_keys = 0; args=None
(0.000) BEGIN; args=None
CREATE TABLE "django_content_type" ("id" integer NOT NULL PRIMARY KEY AUTOINCREMENT, "name" varchar(100) NOT NULL, "app_label" varchar(100) NOT NULL, "model" varchar(100) NOT NULL); (params None)
(0.000) CREATE TABLE "django_content_type" ("id" integer NOT NULL PRIMARY KEY AUTOINCREMENT, "name" varchar(100) NOT NULL, "app_label" varchar(100) NOT NULL, "model" varchar(100) NOT NULL); args=None
ALTER TABLE "django_content_type" RENAME TO "django_content_type__old"; (params [])
(0.000) ALTER TABLE "django_content_type" RENAME TO "django_content_type__old"; args=[]
CREATE TABLE "django_content_type" ("id" integer NOT NULL PRIMARY KEY AUTOINCREMENT, "name" varchar(100) NOT NULL, "app_label" varchar(100) NOT NULL, "model" varchar(100) NOT NULL); (params None)
(0.000) CREATE TABLE "django_content_type" ("id" integer NOT NULL PRIMARY KEY AUTOINCREMENT, "name" varchar(100) NOT NULL, "app_label" varchar(100) NOT NULL, "model" varchar(100) NOT NULL); args=None
INSERT INTO "django_content_type" ("model", "app_label", "id", "name") SELECT "model", "app_label", "id", "name" FROM "django_content_type__old"; (params [])
(0.000) INSERT INTO "django_content_type" ("model", "app_label", "id", "name") SELECT "model", "app_label", "id", "name" FROM "django_content_type__old"; args=[]
DROP TABLE "django_content_type__old"; (params [])
(0.000) DROP TABLE "django_content_type__old"; args=[]
CREATE UNIQUE INDEX "django_content_type_app_label_76bd3d3b_uniq" ON "django_content_type" ("app_label", "model"); (params [])
(0.000) CREATE UNIQUE INDEX "django_content_type_app_label_76bd3d3b_uniq" ON "django_content_type" ("app_label", "model"); args=[]
(0.000) PRAGMA foreign_keys = 0; args=None
(0.000) 
            SELECT name, type FROM sqlite_master
            WHERE type in ('table', 'view') AND NOT name='sqlite_sequence'
            ORDER BY name; args=None
(0.000) BEGIN; args=None
(0.000) INSERT INTO "django_migrations" ("app", "name", "applied") VALUES ('contenttypes', '0001_initial', '2016-11-01 01:52:32.088533'); args=['contenttypes', u'0001_initial', u'2016-11-01 01:52:32.088533']
(0.000) PRAGMA foreign_keys; args=None
(0.000) PRAGMA foreign_keys = 0; args=None
(0.000) BEGIN; args=None
CREATE TABLE "auth_permission" ("id" integer NOT NULL PRIMARY KEY AUTOINCREMENT, "name" varchar(50) NOT NULL, "content_type_id" integer NOT NULL REFERENCES "django_content_type" ("id"), "codename" varchar(100) NOT NULL); (params None)
(0.000) CREATE TABLE "auth_permission" ("id" integer NOT NULL PRIMARY KEY AUTOINCREMENT, "name" varchar(50) NOT NULL, "content_type_id" integer NOT NULL REFERENCES "django_content_type" ("id"), "codename" varchar(100) NOT NULL); args=None
CREATE TABLE "auth_group" ("id" integer NOT NULL PRIMARY KEY AUTOINCREMENT, "name" varchar(80) NOT NULL UNIQUE); (params None)
(0.000) CREATE TABLE "auth_group" ("id" integer NOT NULL PRIMARY KEY AUTOINCREMENT, "name" varchar(80) NOT NULL UNIQUE); args=None
CREATE TABLE "auth_group_permissions" ("id" integer NOT NULL PRIMARY KEY AUTOINCREMENT, "group_id" integer NOT NULL REFERENCES "auth_group" ("id"), "permission_id" integer NOT NULL REFERENCES "auth_permission" ("id")); (params None)
(0.000) CREATE TABLE "auth_group_permissions" ("id" integer NOT NULL PRIMARY KEY AUTOINCREMENT, "group_id" integer NOT NULL REFERENCES "auth_group" ("id"), "permission_id" integer NOT NULL REFERENCES "auth_permission" ("id")); args=None
CREATE TABLE "auth_user" ("id" integer NOT NULL PRIMARY KEY AUTOINCREMENT, "password" varchar(128) NOT NULL, "last_login" datetime NOT NULL, "is_superuser" bool NOT NULL, "username" varchar(30) NOT NULL UNIQUE, "first_name" varchar(30) NOT NULL, "last_name" varchar(30) NOT NULL, "email" varchar(75) NOT NULL, "is_staff" bool NOT NULL, "is_active" bool NOT NULL, "date_joined" datetime NOT NULL); (params None)
(0.000) CREATE TABLE "auth_user" ("id" integer NOT NULL PRIMARY KEY AUTOINCREMENT, "password" varchar(128) NOT NULL, "last_login" datetime NOT NULL, "is_superuser" bool NOT NULL, "username" varchar(30) NOT NULL UNIQUE, "first_name" varchar(30) NOT NULL, "last_name" varchar(30) NOT NULL, "email" varchar(75) NOT NULL, "is_staff" bool NOT NULL, "is_active" bool NOT NULL, "date_joined" datetime NOT NULL); args=None
CREATE TABLE "auth_user_groups" ("id" integer NOT NULL PRIMARY KEY AUTOINCREMENT, "user_id" integer NOT NULL REFERENCES "auth_user" ("id"), "group_id" integer NOT NULL REFERENCES "auth_group" ("id")); (params None)
(0.000) CREATE TABLE "auth_user_groups" ("id" integer NOT NULL PRIMARY KEY AUTOINCREMENT, "user_id" integer NOT NULL REFERENCES "auth_user" ("id"), "group_id" integer NOT NULL REFERENCES "auth_group" ("id")); args=None
CREATE TABLE "auth_user_user_permissions" ("id" integer NOT NULL PRIMARY KEY AUTOINCREMENT, "user_id" integer NOT NULL REFERENCES "auth_user" ("id"), "permission_id" integer NOT NULL REFERENCES "auth_permission" ("id")); (params None)
(0.000) CREATE TABLE "auth_user_user_permissions" ("id" integer NOT NULL PRIMARY KEY AUTOINCREMENT, "user_id" integer NOT NULL REFERENCES "auth_user" ("id"), "permission_id" integer NOT NULL REFERENCES "auth_permission" ("id")); args=None
CREATE UNIQUE INDEX "auth_permission_content_type_id_01ab375a_uniq" ON "auth_permission" ("content_type_id", "codename"); (params [])
(0.000) CREATE UNIQUE INDEX "auth_permission_content_type_id_01ab375a_uniq" ON "auth_permission" ("content_type_id", "codename"); args=[]
CREATE INDEX "auth_permission_417f1b1c" ON "auth_permission" ("content_type_id"); (params [])
(0.000) CREATE INDEX "auth_permission_417f1b1c" ON "auth_permission" ("content_type_id"); args=[]
CREATE UNIQUE INDEX "auth_group_permissions_group_id_0cd325b0_uniq" ON "auth_group_permissions" ("group_id", "permission_id"); (params [])
(0.000) CREATE UNIQUE INDEX "auth_group_permissions_group_id_0cd325b0_uniq" ON "auth_group_permissions" ("group_id", "permission_id"); args=[]
CREATE INDEX "auth_group_permissions_0e939a4f" ON "auth_group_permissions" ("group_id"); (params [])
(0.000) CREATE INDEX "auth_group_permissions_0e939a4f" ON "auth_group_permissions" ("group_id"); args=[]
CREATE INDEX "auth_group_permissions_8373b171" ON "auth_group_permissions" ("permission_id"); (params [])
(0.000) CREATE INDEX "auth_group_permissions_8373b171" ON "auth_group_permissions" ("permission_id"); args=[]
CREATE UNIQUE INDEX "auth_user_groups_user_id_94350c0c_uniq" ON "auth_user_groups" ("user_id", "group_id"); (params [])
(0.000) CREATE UNIQUE INDEX "auth_user_groups_user_id_94350c0c_uniq" ON "auth_user_groups" ("user_id", "group_id"); args=[]
CREATE INDEX "auth_user_groups_e8701ad4" ON "auth_user_groups" ("user_id"); (params [])
(0.000) CREATE INDEX "auth_user_groups_e8701ad4" ON "auth_user_groups" ("user_id"); args=[]
CREATE INDEX "auth_user_groups_0e939a4f" ON "auth_user_groups" ("group_id"); (params [])
(0.000) CREATE INDEX "auth_user_groups_0e939a4f" ON "auth_user_groups" ("group_id"); args=[]
CREATE UNIQUE INDEX "auth_user_user_permissions_user_id_14a6b632_uniq" ON "auth_user_user_permissions" ("user_id", "permission_id"); (params [])
(0.000) CREATE UNIQUE INDEX "auth_user_user_permissions_user_id_14a6b632_uniq" ON "auth_user_user_permissions" ("user_id", "permission_id"); args=[]
CREATE INDEX "auth_user_user_permissions_e8701ad4" ON "auth_user_user_permissions" ("user_id"); (params [])
(0.000) CREATE INDEX "auth_user_user_permissions_e8701ad4" ON "auth_user_user_permissions" ("user_id"); args=[]
CREATE INDEX "auth_user_user_permissions_8373b171" ON "auth_user_user_permissions" ("permission_id"); (params [])
(0.000) CREATE INDEX "auth_user_user_permissions_8373b171" ON "auth_user_user_permissions" ("permission_id"); args=[]
(0.000) PRAGMA foreign_keys = 0; args=None
(0.000) 
            SELECT name, type FROM sqlite_master
            WHERE type in ('table', 'view') AND NOT name='sqlite_sequence'
            ORDER BY name; args=None
(0.000) BEGIN; args=None
(0.000) INSERT INTO "django_migrations" ("app", "name", "applied") VALUES ('auth', '0001_initial', '2016-11-01 01:52:32.267916'); args=['auth', u'0001_initial', u'2016-11-01 01:52:32.267916']
(0.000) PRAGMA foreign_keys; args=None
(0.000) PRAGMA foreign_keys = 0; args=None
(0.000) BEGIN; args=None
CREATE TABLE "django_admin_log" ("id" integer NOT NULL PRIMARY KEY AUTOINCREMENT, "action_time" datetime NOT NULL, "object_id" text NULL, "object_repr" varchar(200) NOT NULL, "action_flag" smallint unsigned NOT NULL, "change_message" text NOT NULL, "content_type_id" integer NULL REFERENCES "django_content_type" ("id"), "user_id" integer NOT NULL REFERENCES "auth_user" ("id")); (params None)
(0.000) CREATE TABLE "django_admin_log" ("id" integer NOT NULL PRIMARY KEY AUTOINCREMENT, "action_time" datetime NOT NULL, "object_id" text NULL, "object_repr" varchar(200) NOT NULL, "action_flag" smallint unsigned NOT NULL, "change_message" text NOT NULL, "content_type_id" integer NULL REFERENCES "django_content_type" ("id"), "user_id" integer NOT NULL REFERENCES "auth_user" ("id")); args=None
CREATE INDEX "django_admin_log_417f1b1c" ON "django_admin_log" ("content_type_id"); (params [])
(0.000) CREATE INDEX "django_admin_log_417f1b1c" ON "django_admin_log" ("content_type_id"); args=[]
CREATE INDEX "django_admin_log_e8701ad4" ON "django_admin_log" ("user_id"); (params [])
(0.000) CREATE INDEX "django_admin_log_e8701ad4" ON "django_admin_log" ("user_id"); args=[]
(0.000) PRAGMA foreign_keys = 0; args=None
(0.000) 
            SELECT name, type FROM sqlite_master
            WHERE type in ('table', 'view') AND NOT name='sqlite_sequence'
            ORDER BY name; args=None
(0.000) BEGIN; args=None
(0.000) INSERT INTO "django_migrations" ("app", "name", "applied") VALUES ('admin', '0001_initial', '2016-11-01 01:52:32.435771'); args=['admin', u'0001_initial', u'2016-11-01 01:52:32.435771']
(0.000) PRAGMA foreign_keys; args=None
(0.000) PRAGMA foreign_keys = 0; args=None
(0.000) BEGIN; args=None
ALTER TABLE "django_admin_log" RENAME TO "django_admin_log__old"; (params [])
(0.000) ALTER TABLE "django_admin_log" RENAME TO "django_admin_log__old"; args=[]
CREATE TABLE "django_admin_log" ("id" integer NOT NULL PRIMARY KEY AUTOINCREMENT, "object_id" text NULL, "object_repr" varchar(200) NOT NULL, "action_flag" smallint unsigned NOT NULL, "change_message" text NOT NULL, "content_type_id" integer NULL REFERENCES "django_content_type" ("id"), "user_id" integer NOT NULL REFERENCES "auth_user" ("id"), "action_time" datetime NOT NULL); (params None)
(0.000) CREATE TABLE "django_admin_log" ("id" integer NOT NULL PRIMARY KEY AUTOINCREMENT, "object_id" text NULL, "object_repr" varchar(200) NOT NULL, "action_flag" smallint unsigned NOT NULL, "change_message" text NOT NULL, "content_type_id" integer NULL REFERENCES "django_content_type" ("id"), "user_id" integer NOT NULL REFERENCES "auth_user" ("id"), "action_time" datetime NOT NULL); args=None
INSERT INTO "django_admin_log" ("action_flag", "action_time", "user_id", "content_type_id", "object_repr", "object_id", "change_message", "id") SELECT "action_flag", "action_time", "user_id", "content_type_id", "object_repr", "object_id", "change_message", "id" FROM "django_admin_log__old"; (params [])
(0.000) INSERT INTO "django_admin_log" ("action_flag", "action_time", "user_id", "content_type_id", "object_repr", "object_id", "change_message", "id") SELECT "action_flag", "action_time", "user_id", "content_type_id", "object_repr", "object_id", "change_message", "id" FROM "django_admin_log__old"; args=[]
DROP TABLE "django_admin_log__old"; (params [])
(0.000) DROP TABLE "django_admin_log__old"; args=[]
CREATE INDEX "django_admin_log_417f1b1c" ON "django_admin_log" ("content_type_id"); (params [])
(0.000) CREATE INDEX "django_admin_log_417f1b1c" ON "django_admin_log" ("content_type_id"); args=[]
CREATE INDEX "django_admin_log_e8701ad4" ON "django_admin_log" ("user_id"); (params [])
(0.000) CREATE INDEX "django_admin_log_e8701ad4" ON "django_admin_log" ("user_id"); args=[]
(0.000) PRAGMA foreign_keys = 0; args=None
(0.000) 
            SELECT name, type FROM sqlite_master
            WHERE type in ('table', 'view') AND NOT name='sqlite_sequence'
            ORDER BY name; args=None
(0.000) BEGIN; args=None
(0.000) INSERT INTO "django_migrations" ("app", "name", "applied") VALUES ('admin', '0002_logentry_remove_auto_add', '2016-11-01 01:52:32.592771'); args=['admin', u'0002_logentry_remove_auto_add', u'2016-11-01 01:52:32.592771']
(0.000) PRAGMA foreign_keys; args=None
(0.000) PRAGMA foreign_keys = 0; args=None
(0.000) BEGIN; args=None
ALTER TABLE "django_content_type" RENAME TO "django_content_type__old"; (params [])
(0.000) ALTER TABLE "django_content_type" RENAME TO "django_content_type__old"; args=[]
CREATE TABLE "django_content_type" ("id" integer NOT NULL PRIMARY KEY AUTOINCREMENT, "app_label" varchar(100) NOT NULL, "model" varchar(100) NOT NULL, "name" varchar(100) NULL); (params None)
(0.000) CREATE TABLE "django_content_type" ("id" integer NOT NULL PRIMARY KEY AUTOINCREMENT, "app_label" varchar(100) NOT NULL, "model" varchar(100) NOT NULL, "name" varchar(100) NULL); args=None
INSERT INTO "django_content_type" ("model", "app_label", "id", "name") SELECT "model", "app_label", "id", "name" FROM "django_content_type__old"; (params [])
(0.000) INSERT INTO "django_content_type" ("model", "app_label", "id", "name") SELECT "model", "app_label", "id", "name" FROM "django_content_type__old"; args=[]
DROP TABLE "django_content_type__old"; (params [])
(0.000) DROP TABLE "django_content_type__old"; args=[]
CREATE UNIQUE INDEX "django_content_type_app_label_76bd3d3b_uniq" ON "django_content_type" ("app_label", "model"); (params [])
(0.000) CREATE UNIQUE INDEX "django_content_type_app_label_76bd3d3b_uniq" ON "django_content_type" ("app_label", "model"); args=[]
ALTER TABLE "django_content_type" RENAME TO "django_content_type__old"; (params [])
(0.000) ALTER TABLE "django_content_type" RENAME TO "django_content_type__old"; args=[]
CREATE TABLE "django_content_type" ("id" integer NOT NULL PRIMARY KEY AUTOINCREMENT, "app_label" varchar(100) NOT NULL, "model" varchar(100) NOT NULL); (params None)
(0.000) CREATE TABLE "django_content_type" ("id" integer NOT NULL PRIMARY KEY AUTOINCREMENT, "app_label" varchar(100) NOT NULL, "model" varchar(100) NOT NULL); args=None
INSERT INTO "django_content_type" ("model", "app_label", "id") SELECT "model", "app_label", "id" FROM "django_content_type__old"; (params [])
(0.000) INSERT INTO "django_content_type" ("model", "app_label", "id") SELECT "model", "app_label", "id" FROM "django_content_type__old"; args=[]
DROP TABLE "django_content_type__old"; (params [])
(0.000) DROP TABLE "django_content_type__old"; args=[]
CREATE UNIQUE INDEX "django_content_type_app_label_76bd3d3b_uniq" ON "django_content_type" ("app_label", "model"); (params [])
(0.000) CREATE UNIQUE INDEX "django_content_type_app_label_76bd3d3b_uniq" ON "django_content_type" ("app_label", "model"); args=[]
(0.000) PRAGMA foreign_keys = 0; args=None
(0.000) 
            SELECT name, type FROM sqlite_master
            WHERE type in ('table', 'view') AND NOT name='sqlite_sequence'
            ORDER BY name; args=None
(0.000) BEGIN; args=None
(0.000) INSERT INTO "django_migrations" ("app", "name", "applied") VALUES ('contenttypes', '0002_remove_content_type_name', '2016-11-01 01:52:32.749672'); args=['contenttypes', u'0002_remove_content_type_name', u'2016-11-01 01:52:32.749672']
(0.000) PRAGMA foreign_keys; args=None
(0.000) PRAGMA foreign_keys = 0; args=None
(0.000) BEGIN; args=None
ALTER TABLE "auth_permission" RENAME TO "auth_permission__old"; (params [])
(0.000) ALTER TABLE "auth_permission" RENAME TO "auth_permission__old"; args=[]
CREATE TABLE "auth_permission" ("id" integer NOT NULL PRIMARY KEY AUTOINCREMENT, "content_type_id" integer NOT NULL REFERENCES "django_content_type" ("id"), "codename" varchar(100) NOT NULL, "name" varchar(255) NOT NULL); (params None)
(0.000) CREATE TABLE "auth_permission" ("id" integer NOT NULL PRIMARY KEY AUTOINCREMENT, "content_type_id" integer NOT NULL REFERENCES "django_content_type" ("id"), "codename" varchar(100) NOT NULL, "name" varchar(255) NOT NULL); args=None
INSERT INTO "auth_permission" ("content_type_id", "codename", "id", "name") SELECT "content_type_id", "codename", "id", "name" FROM "auth_permission__old"; (params [])
(0.000) INSERT INTO "auth_permission" ("content_type_id", "codename", "id", "name") SELECT "content_type_id", "codename", "id", "name" FROM "auth_permission__old"; args=[]
DROP TABLE "auth_permission__old"; (params [])
(0.000) DROP TABLE "auth_permission__old"; args=[]
CREATE UNIQUE INDEX "auth_permission_content_type_id_01ab375a_uniq" ON "auth_permission" ("content_type_id", "codename"); (params [])
(0.000) CREATE UNIQUE INDEX "auth_permission_content_type_id_01ab375a_uniq" ON "auth_permission" ("content_type_id", "codename"); args=[]
CREATE INDEX "auth_permission_417f1b1c" ON "auth_permission" ("content_type_id"); (params [])
(0.000) CREATE INDEX "auth_permission_417f1b1c" ON "auth_permission" ("content_type_id"); args=[]
(0.000) PRAGMA foreign_keys = 0; args=None
(0.000) 
            SELECT name, type FROM sqlite_master
            WHERE type in ('table', 'view') AND NOT name='sqlite_sequence'
            ORDER BY name; args=None
(0.000) BEGIN; args=None
(0.000) INSERT INTO "django_migrations" ("app", "name", "applied") VALUES ('auth', '0002_alter_permission_name_max_length', '2016-11-01 01:52:32.882575'); args=['auth', u'0002_alter_permission_name_max_length', u'2016-11-01 01:52:32.882575']
(0.000) PRAGMA foreign_keys; args=None
(0.000) PRAGMA foreign_keys = 0; args=None
(0.000) BEGIN; args=None
ALTER TABLE "auth_user" RENAME TO "auth_user__old"; (params [])
(0.000) ALTER TABLE "auth_user" RENAME TO "auth_user__old"; args=[]
CREATE TABLE "auth_user" ("id" integer NOT NULL PRIMARY KEY AUTOINCREMENT, "password" varchar(128) NOT NULL, "last_login" datetime NOT NULL, "is_superuser" bool NOT NULL, "username" varchar(30) NOT NULL UNIQUE, "first_name" varchar(30) NOT NULL, "last_name" varchar(30) NOT NULL, "is_staff" bool NOT NULL, "is_active" bool NOT NULL, "date_joined" datetime NOT NULL, "email" varchar(254) NOT NULL); (params None)
(0.000) CREATE TABLE "auth_user" ("id" integer NOT NULL PRIMARY KEY AUTOINCREMENT, "password" varchar(128) NOT NULL, "last_login" datetime NOT NULL, "is_superuser" bool NOT NULL, "username" varchar(30) NOT NULL UNIQUE, "first_name" varchar(30) NOT NULL, "last_name" varchar(30) NOT NULL, "is_staff" bool NOT NULL, "is_active" bool NOT NULL, "date_joined" datetime NOT NULL, "email" varchar(254) NOT NULL); args=None
INSERT INTO "auth_user" ("username", "first_name", "last_name", "is_active", "email", "is_superuser", "is_staff", "last_login", "password", "id", "date_joined") SELECT "username", "first_name", "last_name", "is_active", "email", "is_superuser", "is_staff", "last_login", "password", "id", "date_joined" FROM "auth_user__old"; (params [])
(0.000) INSERT INTO "auth_user" ("username", "first_name", "last_name", "is_active", "email", "is_superuser", "is_staff", "last_login", "password", "id", "date_joined") SELECT "username", "first_name", "last_name", "is_active", "email", "is_superuser", "is_staff", "last_login", "password", "id", "date_joined" FROM "auth_user__old"; args=[]
DROP TABLE "auth_user__old"; (params [])
(0.000) DROP TABLE "auth_user__old"; args=[]
(0.000) PRAGMA foreign_keys = 0; args=None
(0.000) 
            SELECT name, type FROM sqlite_master
            WHERE type in ('table', 'view') AND NOT name='sqlite_sequence'
            ORDER BY name; args=None
(0.000) BEGIN; args=None
(0.000) INSERT INTO "django_migrations" ("app", "name", "applied") VALUES ('auth', '0003_alter_user_email_max_length', '2016-11-01 01:52:33.088404'); args=['auth', u'0003_alter_user_email_max_length', u'2016-11-01 01:52:33.088404']
(0.000) PRAGMA foreign_keys; args=None
(0.000) PRAGMA foreign_keys = 0; args=None
(0.000) BEGIN; args=None
ALTER TABLE "auth_user" RENAME TO "auth_user__old"; (params [])
(0.000) ALTER TABLE "auth_user" RENAME TO "auth_user__old"; args=[]
CREATE TABLE "auth_user" ("id" integer NOT NULL PRIMARY KEY AUTOINCREMENT, "password" varchar(128) NOT NULL, "last_login" datetime NOT NULL, "is_superuser" bool NOT NULL, "first_name" varchar(30) NOT NULL, "last_name" varchar(30) NOT NULL, "email" varchar(254) NOT NULL, "is_staff" bool NOT NULL, "is_active" bool NOT NULL, "date_joined" datetime NOT NULL, "username" varchar(30) NOT NULL UNIQUE); (params None)
(0.000) CREATE TABLE "auth_user" ("id" integer NOT NULL PRIMARY KEY AUTOINCREMENT, "password" varchar(128) NOT NULL, "last_login" datetime NOT NULL, "is_superuser" bool NOT NULL, "first_name" varchar(30) NOT NULL, "last_name" varchar(30) NOT NULL, "email" varchar(254) NOT NULL, "is_staff" bool NOT NULL, "is_active" bool NOT NULL, "date_joined" datetime NOT NULL, "username" varchar(30) NOT NULL UNIQUE); args=None
INSERT INTO "auth_user" ("username", "first_name", "last_name", "is_active", "email", "is_superuser", "is_staff", "last_login", "password", "id", "date_joined") SELECT "username", "first_name", "last_name", "is_active", "email", "is_superuser", "is_staff", "last_login", "password", "id", "date_joined" FROM "auth_user__old"; (params [])
(0.000) INSERT INTO "auth_user" ("username", "first_name", "last_name", "is_active", "email", "is_superuser", "is_staff", "last_login", "password", "id", "date_joined") SELECT "username", "first_name", "last_name", "is_active", "email", "is_superuser", "is_staff", "last_login", "password", "id", "date_joined" FROM "auth_user__old"; args=[]
DROP TABLE "auth_user__old"; (params [])
(0.000) DROP TABLE "auth_user__old"; args=[]
(0.000) PRAGMA foreign_keys = 0; args=None
(0.000) 
            SELECT name, type FROM sqlite_master
            WHERE type in ('table', 'view') AND NOT name='sqlite_sequence'
            ORDER BY name; args=None
(0.000) BEGIN; args=None
(0.000) INSERT INTO "django_migrations" ("app", "name", "applied") VALUES ('auth', '0004_alter_user_username_opts', '2016-11-01 01:52:33.258970'); args=['auth', u'0004_alter_user_username_opts', u'2016-11-01 01:52:33.258970']
(0.000) PRAGMA foreign_keys; args=None
(0.000) PRAGMA foreign_keys = 0; args=None
(0.000) BEGIN; args=None
ALTER TABLE "auth_user" RENAME TO "auth_user__old"; (params [])
(0.000) ALTER TABLE "auth_user" RENAME TO "auth_user__old"; args=[]
CREATE TABLE "auth_user" ("id" integer NOT NULL PRIMARY KEY AUTOINCREMENT, "password" varchar(128) NOT NULL, "is_superuser" bool NOT NULL, "username" varchar(30) NOT NULL UNIQUE, "first_name" varchar(30) NOT NULL, "last_name" varchar(30) NOT NULL, "email" varchar(254) NOT NULL, "is_staff" bool NOT NULL, "is_active" bool NOT NULL, "date_joined" datetime NOT NULL, "last_login" datetime NULL); (params None)
(0.000) CREATE TABLE "auth_user" ("id" integer NOT NULL PRIMARY KEY AUTOINCREMENT, "password" varchar(128) NOT NULL, "is_superuser" bool NOT NULL, "username" varchar(30) NOT NULL UNIQUE, "first_name" varchar(30) NOT NULL, "last_name" varchar(30) NOT NULL, "email" varchar(254) NOT NULL, "is_staff" bool NOT NULL, "is_active" bool NOT NULL, "date_joined" datetime NOT NULL, "last_login" datetime NULL); args=None
INSERT INTO "auth_user" ("username", "first_name", "last_name", "is_active", "email", "is_superuser", "is_staff", "last_login", "password", "id", "date_joined") SELECT "username", "first_name", "last_name", "is_active", "email", "is_superuser", "is_staff", "last_login", "password", "id", "date_joined" FROM "auth_user__old"; (params [])
(0.000) INSERT INTO "auth_user" ("username", "first_name", "last_name", "is_active", "email", "is_superuser", "is_staff", "last_login", "password", "id", "date_joined") SELECT "username", "first_name", "last_name", "is_active", "email", "is_superuser", "is_staff", "last_login", "password", "id", "date_joined" FROM "auth_user__old"; args=[]
DROP TABLE "auth_user__old"; (params [])
(0.000) DROP TABLE "auth_user__old"; args=[]
(0.000) PRAGMA foreign_keys = 0; args=None
(0.000) 
            SELECT name, type FROM sqlite_master
            WHERE type in ('table', 'view') AND NOT name='sqlite_sequence'
            ORDER BY name; args=None
(0.000) BEGIN; args=None
(0.000) INSERT INTO "django_migrations" ("app", "name", "applied") VALUES ('auth', '0005_alter_user_last_login_null', '2016-11-01 01:52:33.402881'); args=['auth', u'0005_alter_user_last_login_null', u'2016-11-01 01:52:33.402881']
(0.000) PRAGMA foreign_keys; args=None
(0.000) PRAGMA foreign_keys = 0; args=None
(0.000) BEGIN; args=None
(0.000) PRAGMA foreign_keys = 0; args=None
(0.000) 
            SELECT name, type FROM sqlite_master
            WHERE type in ('table', 'view') AND NOT name='sqlite_sequence'
            ORDER BY name; args=None
(0.000) BEGIN; args=None
(0.000) INSERT INTO "django_migrations" ("app", "name", "applied") VALUES ('auth', '0006_require_contenttypes_0002', '2016-11-01 01:52:33.457701'); args=['auth', u'0006_require_contenttypes_0002', u'2016-11-01 01:52:33.457701']
(0.000) PRAGMA foreign_keys; args=None
(0.000) PRAGMA foreign_keys = 0; args=None
(0.000) BEGIN; args=None
ALTER TABLE "auth_user" RENAME TO "auth_user__old"; (params [])
(0.000) ALTER TABLE "auth_user" RENAME TO "auth_user__old"; args=[]
CREATE TABLE "auth_user" ("id" integer NOT NULL PRIMARY KEY AUTOINCREMENT, "password" varchar(128) NOT NULL, "last_login" datetime NULL, "is_superuser" bool NOT NULL, "first_name" varchar(30) NOT NULL, "last_name" varchar(30) NOT NULL, "email" varchar(254) NOT NULL, "is_staff" bool NOT NULL, "is_active" bool NOT NULL, "date_joined" datetime NOT NULL, "username" varchar(30) NOT NULL UNIQUE); (params None)
(0.000) CREATE TABLE "auth_user" ("id" integer NOT NULL PRIMARY KEY AUTOINCREMENT, "password" varchar(128) NOT NULL, "last_login" datetime NULL, "is_superuser" bool NOT NULL, "first_name" varchar(30) NOT NULL, "last_name" varchar(30) NOT NULL, "email" varchar(254) NOT NULL, "is_staff" bool NOT NULL, "is_active" bool NOT NULL, "date_joined" datetime NOT NULL, "username" varchar(30) NOT NULL UNIQUE); args=None
INSERT INTO "auth_user" ("username", "first_name", "last_name", "is_active", "email", "is_superuser", "is_staff", "last_login", "password", "id", "date_joined") SELECT "username", "first_name", "last_name", "is_active", "email", "is_superuser", "is_staff", "last_login", "password", "id", "date_joined" FROM "auth_user__old"; (params [])
(0.000) INSERT INTO "auth_user" ("username", "first_name", "last_name", "is_active", "email", "is_superuser", "is_staff", "last_login", "password", "id", "date_joined") SELECT "username", "first_name", "last_name", "is_active", "email", "is_superuser", "is_staff", "last_login", "password", "id", "date_joined" FROM "auth_user__old"; args=[]
DROP TABLE "auth_user__old"; (params [])
(0.000) DROP TABLE "auth_user__old"; args=[]
(0.000) PRAGMA foreign_keys = 0; args=None
(0.000) 
            SELECT name, type FROM sqlite_master
            WHERE type in ('table', 'view') AND NOT name='sqlite_sequence'
            ORDER BY name; args=None
(0.000) BEGIN; args=None
(0.000) INSERT INTO "django_migrations" ("app", "name", "applied") VALUES ('auth', '0007_alter_validators_add_error_messages', '2016-11-01 01:52:33.591085'); args=['auth', u'0007_alter_validators_add_error_messages', u'2016-11-01 01:52:33.591085']
(0.000) PRAGMA foreign_keys; args=None
(0.000) PRAGMA foreign_keys = 0; args=None
(0.000) BEGIN; args=None
ALTER TABLE "auth_user" RENAME TO "auth_user__old"; (params [])
(0.000) ALTER TABLE "auth_user" RENAME TO "auth_user__old"; args=[]
CREATE TABLE "auth_user" ("id" integer NOT NULL PRIMARY KEY AUTOINCREMENT, "password" varchar(128) NOT NULL, "last_login" datetime NULL, "is_superuser" bool NOT NULL, "first_name" varchar(30) NOT NULL, "last_name" varchar(30) NOT NULL, "email" varchar(254) NOT NULL, "is_staff" bool NOT NULL, "is_active" bool NOT NULL, "date_joined" datetime NOT NULL, "username" varchar(150) NOT NULL UNIQUE); (params None)
(0.000) CREATE TABLE "auth_user" ("id" integer NOT NULL PRIMARY KEY AUTOINCREMENT, "password" varchar(128) NOT NULL, "last_login" datetime NULL, "is_superuser" bool NOT NULL, "first_name" varchar(30) NOT NULL, "last_name" varchar(30) NOT NULL, "email" varchar(254) NOT NULL, "is_staff" bool NOT NULL, "is_active" bool NOT NULL, "date_joined" datetime NOT NULL, "username" varchar(150) NOT NULL UNIQUE); args=None
INSERT INTO "auth_user" ("username", "first_name", "last_name", "is_active", "email", "is_superuser", "is_staff", "last_login", "password", "id", "date_joined") SELECT "username", "first_name", "last_name", "is_active", "email", "is_superuser", "is_staff", "last_login", "password", "id", "date_joined" FROM "auth_user__old"; (params [])
(0.000) INSERT INTO "auth_user" ("username", "first_name", "last_name", "is_active", "email", "is_superuser", "is_staff", "last_login", "password", "id", "date_joined") SELECT "username", "first_name", "last_name", "is_active", "email", "is_superuser", "is_staff", "last_login", "password", "id", "date_joined" FROM "auth_user__old"; args=[]
DROP TABLE "auth_user__old"; (params [])
(0.000) DROP TABLE "auth_user__old"; args=[]
(0.000) PRAGMA foreign_keys = 0; args=None
(0.000) 
            SELECT name, type FROM sqlite_master
            WHERE type in ('table', 'view') AND NOT name='sqlite_sequence'
            ORDER BY name; args=None
(0.000) BEGIN; args=None
(0.000) INSERT INTO "django_migrations" ("app", "name", "applied") VALUES ('auth', '0008_alter_user_username_max_length', '2016-11-01 01:52:33.723892'); args=['auth', u'0008_alter_user_username_max_length', u'2016-11-01 01:52:33.723892']
(0.000) PRAGMA foreign_keys; args=None
(0.000) PRAGMA foreign_keys = 0; args=None
(0.000) BEGIN; args=None
CREATE TABLE "django_session" ("session_key" varchar(40) NOT NULL PRIMARY KEY, "session_data" text NOT NULL, "expire_date" datetime NOT NULL); (params None)
(0.000) CREATE TABLE "django_session" ("session_key" varchar(40) NOT NULL PRIMARY KEY, "session_data" text NOT NULL, "expire_date" datetime NOT NULL); args=None
CREATE INDEX "django_session_de54fa62" ON "django_session" ("expire_date"); (params [])
(0.000) CREATE INDEX "django_session_de54fa62" ON "django_session" ("expire_date"); args=[]
(0.000) PRAGMA foreign_keys = 0; args=None
(0.000) 
            SELECT name, type FROM sqlite_master
            WHERE type in ('table', 'view') AND NOT name='sqlite_sequence'
            ORDER BY name; args=None
(0.000) BEGIN; args=None
(0.000) INSERT INTO "django_migrations" ("app", "name", "applied") VALUES ('sessions', '0001_initial', '2016-11-01 01:52:33.856667'); args=['sessions', u'0001_initial', u'2016-11-01 01:52:33.856667']
(0.000) 
            SELECT name, type FROM sqlite_master
            WHERE type in ('table', 'view') AND NOT name='sqlite_sequence'
            ORDER BY name; args=None
(0.000) SELECT "django_migrations"."app", "django_migrations"."name" FROM "django_migrations"; args=()
(0.000) SELECT "django_content_type"."id", "django_content_type"."app_label", "django_content_type"."model" FROM "django_content_type" WHERE ("django_content_type"."model" = 'logentry' AND "django_content_type"."app_label" = 'admin'); args=('logentry', 'admin')
(0.000) SELECT "django_content_type"."id", "django_content_type"."app_label", "django_content_type"."model" FROM "django_content_type" WHERE ("django_content_type"."model" = 'logentry' AND "django_content_type"."app_label" = 'admin'); args=('logentry', 'admin')
(0.000) BEGIN; args=None
(0.000) INSERT INTO "django_content_type" ("app_label", "model") VALUES ('admin', 'logentry'); args=['admin', 'logentry']
(0.000) SELECT "auth_permission"."content_type_id", "auth_permission"."codename" FROM "auth_permission" INNER JOIN "django_content_type" ON ("auth_permission"."content_type_id" = "django_content_type"."id") WHERE "auth_permission"."content_type_id" IN (1) ORDER BY "django_content_type"."app_label" ASC, "django_content_type"."model" ASC, "auth_permission"."codename" ASC; args=(1,)
(0.000) BEGIN; args=None
(0.000) INSERT INTO "auth_permission" ("name", "content_type_id", "codename") SELECT 'Can add log entry', 1, 'add_logentry' UNION ALL SELECT 'Can change log entry', 1, 'change_logentry' UNION ALL SELECT 'Can delete log entry', 1, 'delete_logentry'; args=(u'Can add log entry', 1, u'add_logentry', u'Can change log entry', 1, u'change_logentry', u'Can delete log entry', 1, u'delete_logentry')
(0.000) SELECT "django_content_type"."id", "django_content_type"."app_label", "django_content_type"."model" FROM "django_content_type" WHERE "django_content_type"."app_label" = 'admin'; args=('admin',)
(0.000) SELECT "django_content_type"."id", "django_content_type"."app_label", "django_content_type"."model" FROM "django_content_type" WHERE ("django_content_type"."model" = 'permission' AND "django_content_type"."app_label" = 'auth'); args=('permission', 'auth')
(0.000) SELECT "django_content_type"."id", "django_content_type"."app_label", "django_content_type"."model" FROM "django_content_type" WHERE ("django_content_type"."model" = 'permission' AND "django_content_type"."app_label" = 'auth'); args=('permission', 'auth')
(0.000) BEGIN; args=None
(0.000) INSERT INTO "django_content_type" ("app_label", "model") VALUES ('auth', 'permission'); args=['auth', 'permission']
(0.000) SELECT "django_content_type"."id", "django_content_type"."app_label", "django_content_type"."model" FROM "django_content_type" WHERE ("django_content_type"."model" = 'user' AND "django_content_type"."app_label" = 'auth'); args=('user', 'auth')
(0.000) SELECT "django_content_type"."id", "django_content_type"."app_label", "django_content_type"."model" FROM "django_content_type" WHERE ("django_content_type"."model" = 'user' AND "django_content_type"."app_label" = 'auth'); args=('user', 'auth')
(0.000) BEGIN; args=None
(0.000) INSERT INTO "django_content_type" ("app_label", "model") VALUES ('auth', 'user'); args=['auth', 'user']
(0.000) SELECT "django_content_type"."id", "django_content_type"."app_label", "django_content_type"."model" FROM "django_content_type" WHERE ("django_content_type"."model" = 'group' AND "django_content_type"."app_label" = 'auth'); args=('group', 'auth')
(0.000) SELECT "django_content_type"."id", "django_content_type"."app_label", "django_content_type"."model" FROM "django_content_type" WHERE ("django_content_type"."model" = 'group' AND "django_content_type"."app_label" = 'auth'); args=('group', 'auth')
(0.000) BEGIN; args=None
(0.000) INSERT INTO "django_content_type" ("app_label", "model") VALUES ('auth', 'group'); args=['auth', 'group']
(0.000) SELECT "auth_permission"."content_type_id", "auth_permission"."codename" FROM "auth_permission" INNER JOIN "django_content_type" ON ("auth_permission"."content_type_id" = "django_content_type"."id") WHERE "auth_permission"."content_type_id" IN (2, 3, 4) ORDER BY "django_content_type"."app_label" ASC, "django_content_type"."model" ASC, "auth_permission"."codename" ASC; args=(2, 3, 4)
(0.000) BEGIN; args=None
(0.000) INSERT INTO "auth_permission" ("name", "content_type_id", "codename") SELECT 'Can add permission', 2, 'add_permission' UNION ALL SELECT 'Can change permission', 2, 'change_permission' UNION ALL SELECT 'Can delete permission', 2, 'delete_permission' UNION ALL SELECT 'Can add user', 3, 'add_user' UNION ALL SELECT 'Can change user', 3, 'change_user' UNION ALL SELECT 'Can delete user', 3, 'delete_user' UNION ALL SELECT 'Can add group', 4, 'add_group' UNION ALL SELECT 'Can change group', 4, 'change_group' UNION ALL SELECT 'Can delete group', 4, 'delete_group'; args=(u'Can add permission', 2, u'add_permission', u'Can change permission', 2, u'change_permission', u'Can delete permission', 2, u'delete_permission', u'Can add user', 3, u'add_user', u'Can change user', 3, u'change_user', u'Can delete user', 3, u'delete_user', u'Can add group', 4, u'add_group', u'Can change group', 4, u'change_group', u'Can delete group', 4, u'delete_group')
(0.000) SELECT "django_content_type"."id", "django_content_type"."app_label", "django_content_type"."model" FROM "django_content_type" WHERE "django_content_type"."app_label" = 'auth'; args=('auth',)
(0.000) SELECT "django_content_type"."id", "django_content_type"."app_label", "django_content_type"."model" FROM "django_content_type" WHERE ("django_content_type"."model" = 'contenttype' AND "django_content_type"."app_label" = 'contenttypes'); args=('contenttype', 'contenttypes')
(0.000) SELECT "django_content_type"."id", "django_content_type"."app_label", "django_content_type"."model" FROM "django_content_type" WHERE ("django_content_type"."model" = 'contenttype' AND "django_content_type"."app_label" = 'contenttypes'); args=('contenttype', 'contenttypes')
(0.000) BEGIN; args=None
(0.000) INSERT INTO "django_content_type" ("app_label", "model") VALUES ('contenttypes', 'contenttype'); args=['contenttypes', 'contenttype']
(0.000) SELECT "auth_permission"."content_type_id", "auth_permission"."codename" FROM "auth_permission" INNER JOIN "django_content_type" ON ("auth_permission"."content_type_id" = "django_content_type"."id") WHERE "auth_permission"."content_type_id" IN (5) ORDER BY "django_content_type"."app_label" ASC, "django_content_type"."model" ASC, "auth_permission"."codename" ASC; args=(5,)
(0.000) BEGIN; args=None
(0.000) INSERT INTO "auth_permission" ("name", "content_type_id", "codename") SELECT 'Can add content type', 5, 'add_contenttype' UNION ALL SELECT 'Can change content type', 5, 'change_contenttype' UNION ALL SELECT 'Can delete content type', 5, 'delete_contenttype'; args=(u'Can add content type', 5, u'add_contenttype', u'Can change content type', 5, u'change_contenttype', u'Can delete content type', 5, u'delete_contenttype')
(0.000) SELECT "django_content_type"."id", "django_content_type"."app_label", "django_content_type"."model" FROM "django_content_type" WHERE "django_content_type"."app_label" = 'contenttypes'; args=('contenttypes',)
(0.000) SELECT "django_content_type"."id", "django_content_type"."app_label", "django_content_type"."model" FROM "django_content_type" WHERE ("django_content_type"."model" = 'session' AND "django_content_type"."app_label" = 'sessions'); args=('session', 'sessions')
(0.000) SELECT "django_content_type"."id", "django_content_type"."app_label", "django_content_type"."model" FROM "django_content_type" WHERE ("django_content_type"."model" = 'session' AND "django_content_type"."app_label" = 'sessions'); args=('session', 'sessions')
(0.000) BEGIN; args=None
(0.000) INSERT INTO "django_content_type" ("app_label", "model") VALUES ('sessions', 'session'); args=['sessions', 'session']
(0.000) SELECT "auth_permission"."content_type_id", "auth_permission"."codename" FROM "auth_permission" INNER JOIN "django_content_type" ON ("auth_permission"."content_type_id" = "django_content_type"."id") WHERE "auth_permission"."content_type_id" IN (6) ORDER BY "django_content_type"."app_label" ASC, "django_content_type"."model" ASC, "auth_permission"."codename" ASC; args=(6,)
(0.000) BEGIN; args=None
(0.000) INSERT INTO "auth_permission" ("name", "content_type_id", "codename") SELECT 'Can add session', 6, 'add_session' UNION ALL SELECT 'Can change session', 6, 'change_session' UNION ALL SELECT 'Can delete session', 6, 'delete_session'; args=(u'Can add session', 6, u'add_session', u'Can change session', 6, u'change_session', u'Can delete session', 6, u'delete_session')
(0.000) SELECT "django_content_type"."id", "django_content_type"."app_label", "django_content_type"."model" FROM "django_content_type" WHERE "django_content_type"."app_label" = 'sessions'; args=('sessions',)
(0.000) SELECT "django_content_type"."id", "django_content_type"."app_label", "django_content_type"."model" FROM "django_content_type" WHERE ("django_content_type"."model" = 'writer' AND "django_content_type"."app_label" = 'writer'); args=('writer', 'writer')
(0.000) SELECT "django_content_type"."id", "django_content_type"."app_label", "django_content_type"."model" FROM "django_content_type" WHERE ("django_content_type"."model" = 'writer' AND "django_content_type"."app_label" = 'writer'); args=('writer', 'writer')
(0.000) BEGIN; args=None
(0.000) INSERT INTO "django_content_type" ("app_label", "model") VALUES ('writer', 'writer'); args=['writer', 'writer']
(0.000) SELECT "auth_permission"."content_type_id", "auth_permission"."codename" FROM "auth_permission" INNER JOIN "django_content_type" ON ("auth_permission"."content_type_id" = "django_content_type"."id") WHERE "auth_permission"."content_type_id" IN (7) ORDER BY "django_content_type"."app_label" ASC, "django_content_type"."model" ASC, "auth_permission"."codename" ASC; args=(7,)
(0.000) BEGIN; args=None
(0.000) INSERT INTO "auth_permission" ("name", "content_type_id", "codename") SELECT 'Can add writer', 7, 'add_writer' UNION ALL SELECT 'Can change writer', 7, 'change_writer' UNION ALL SELECT 'Can delete writer', 7, 'delete_writer'; args=(u'Can add writer', 7, u'add_writer', u'Can change writer', 7, u'change_writer', u'Can delete writer', 7, u'delete_writer')
(0.000) SELECT "django_content_type"."id", "django_content_type"."app_label", "django_content_type"."model" FROM "django_content_type" WHERE "django_content_type"."app_label" = 'writer'; args=('writer',)
(0.000) SELECT "django_content_type"."id", "django_content_type"."app_label", "django_content_type"."model" FROM "django_content_type" WHERE ("django_content_type"."model" = 'article' AND "django_content_type"."app_label" = 'article'); args=('article', 'article')
(0.000) SELECT "django_content_type"."id", "django_content_type"."app_label", "django_content_type"."model" FROM "django_content_type" WHERE ("django_content_type"."model" = 'article' AND "django_content_type"."app_label" = 'article'); args=('article', 'article')
(0.000) BEGIN; args=None
(0.000) INSERT INTO "django_content_type" ("app_label", "model") VALUES ('article', 'article'); args=['article', 'article']
(0.000) SELECT "auth_permission"."content_type_id", "auth_permission"."codename" FROM "auth_permission" INNER JOIN "django_content_type" ON ("auth_permission"."content_type_id" = "django_content_type"."id") WHERE "auth_permission"."content_type_id" IN (8) ORDER BY "django_content_type"."app_label" ASC, "django_content_type"."model" ASC, "auth_permission"."codename" ASC; args=(8,)
(0.000) BEGIN; args=None
(0.000) INSERT INTO "auth_permission" ("name", "content_type_id", "codename") SELECT 'Can add article', 8, 'add_article' UNION ALL SELECT 'Can change article', 8, 'change_article' UNION ALL SELECT 'Can delete article', 8, 'delete_article'; args=(u'Can add article', 8, u'add_article', u'Can change article', 8, u'change_article', u'Can delete article', 8, u'delete_article')
(0.000) SELECT "django_content_type"."id", "django_content_type"."app_label", "django_content_type"."model" FROM "django_content_type" WHERE "django_content_type"."app_label" = 'article'; args=('article',)
(0.000) 
            SELECT name, type FROM sqlite_master
            WHERE type in ('table', 'view') AND NOT name='sqlite_sequence'
            ORDER BY name; args=None
(0.000) SELECT "django_migrations"."app", "django_migrations"."name" FROM "django_migrations"; args=()
Internal Server Error: /
Traceback (most recent call last):
  File "/usr/local/lib/python2.7/dist-packages/django/core/handlers/exception.py", line 39, in inner
    response = get_response(request)
  File "/usr/local/lib/python2.7/dist-packages/django/core/handlers/base.py", line 187, in _get_response
    response = self.process_exception_by_middleware(e, request)
  File "/usr/local/lib/python2.7/dist-packages/django/core/handlers/base.py", line 185, in _get_response
    response = wrapped_callback(request, *callback_args, **callback_kwargs)
  File "/home/francisco/Repositories/Turpial/tutorial_blog_turpial/blog/commons/views.py", line 36, in indexView
    logger.error(exc_info[0])
TypeError: 'builtin_function_or_method' object has no attribute '__getitem__'
"GET / HTTP/1.1" 500 72483
Internal Server Error: /
Traceback (most recent call last):
  File "/usr/local/lib/python2.7/dist-packages/django/core/handlers/exception.py", line 39, in inner
    response = get_response(request)
  File "/usr/local/lib/python2.7/dist-packages/django/core/handlers/base.py", line 187, in _get_response
    response = self.process_exception_by_middleware(e, request)
  File "/usr/local/lib/python2.7/dist-packages/django/core/handlers/base.py", line 185, in _get_response
    response = wrapped_callback(request, *callback_args, **callback_kwargs)
  File "/home/francisco/Repositories/Turpial/tutorial_blog_turpial/blog/commons/views.py", line 36, in indexView
    logger.error(exc_info[0])
TypeError: 'builtin_function_or_method' object has no attribute '__getitem__'
"GET / HTTP/1.1" 500 72483
Internal Server Error: /
Traceback (most recent call last):
  File "/usr/local/lib/python2.7/dist-packages/django/core/handlers/exception.py", line 39, in inner
    response = get_response(request)
  File "/usr/local/lib/python2.7/dist-packages/django/core/handlers/base.py", line 187, in _get_response
    response = self.process_exception_by_middleware(e, request)
  File "/usr/local/lib/python2.7/dist-packages/django/core/handlers/base.py", line 185, in _get_response
    response = wrapped_callback(request, *callback_args, **callback_kwargs)
  File "/home/francisco/Repositories/Turpial/tutorial_blog_turpial/blog/commons/views.py", line 36, in indexView
    logger.error(exc_info[0])
TypeError: 'builtin_function_or_method' object has no attribute '__getitem__'
"GET / HTTP/1.1" 500 72348
(0.000) 
            SELECT name, type FROM sqlite_master
            WHERE type in ('table', 'view') AND NOT name='sqlite_sequence'
            ORDER BY name; args=None
(0.000) SELECT "django_migrations"."app", "django_migrations"."name" FROM "django_migrations"; args=()
(0.001) 
            SELECT name, type FROM sqlite_master
            WHERE type in ('table', 'view') AND NOT name='sqlite_sequence'
            ORDER BY name; args=None
(0.000) SELECT "django_migrations"."app", "django_migrations"."name" FROM "django_migrations"; args=()
"GET / HTTP/1.1" 200 4120
Exception while resolving variable 'name' in template 'unknown'.
Traceback (most recent call last):
  File "/usr/local/lib/python2.7/dist-packages/django/template/base.py", line 907, in _resolve_lookup
    (bit, current))  # missing attribute
VariableDoesNotExist: Failed lookup for key [name] in u'<RegexURLResolver <RegexURLPattern list> (admin:admin) ^admin/>'
Exception while resolving variable 'name' in template 'unknown'.
Traceback (most recent call last):
  File "/usr/local/lib/python2.7/dist-packages/django/template/base.py", line 907, in _resolve_lookup
    (bit, current))  # missing attribute
VariableDoesNotExist: Failed lookup for key [name] in u'<RegexURLResolver <RegexURLPattern list> (admin:admin) ^admin/>'
Exception while resolving variable 'name' in template 'unknown'.
Traceback (most recent call last):
  File "/usr/local/lib/python2.7/dist-packages/django/template/base.py", line 907, in _resolve_lookup
    (bit, current))  # missing attribute
VariableDoesNotExist: Failed lookup for key [name] in u'<RegexURLResolver <RegexURLPattern list> (admin:admin) ^admin/>'
Exception while resolving variable 'name' in template 'unknown'.
Traceback (most recent call last):
  File "/usr/local/lib/python2.7/dist-packages/django/template/base.py", line 907, in _resolve_lookup
    (bit, current))  # missing attribute
VariableDoesNotExist: Failed lookup for key [name] in u'<RegexURLResolver <RegexURLPattern list> (admin:admin) ^admin/>'
Exception while resolving variable 'name' in template 'unknown'.
Traceback (most recent call last):
  File "/usr/local/lib/python2.7/dist-packages/django/template/base.py", line 907, in _resolve_lookup
    (bit, current))  # missing attribute
VariableDoesNotExist: Failed lookup for key [name] in u'<RegexURLResolver <RegexURLPattern list> (admin:admin) ^admin/>'
Exception while resolving variable 'name' in template 'unknown'.
Traceback (most recent call last):
  File "/usr/local/lib/python2.7/dist-packages/django/template/base.py", line 907, in _resolve_lookup
    (bit, current))  # missing attribute
VariableDoesNotExist: Failed lookup for key [name] in u"<RegexURLResolver <module 'writer.urls' from '/home/francisco/Repositories/Turpial/tutorial_blog_turpial/blog/writer/urls.pyc'> (None:None) ^writer/>"
Exception while resolving variable 'name' in template 'unknown'.
Traceback (most recent call last):
  File "/usr/local/lib/python2.7/dist-packages/django/template/base.py", line 907, in _resolve_lookup
    (bit, current))  # missing attribute
VariableDoesNotExist: Failed lookup for key [name] in u"<RegexURLResolver <module 'writer.urls' from '/home/francisco/Repositories/Turpial/tutorial_blog_turpial/blog/writer/urls.pyc'> (None:None) ^writer/>"
Exception while resolving variable 'name' in template 'unknown'.
Traceback (most recent call last):
  File "/usr/local/lib/python2.7/dist-packages/django/template/base.py", line 907, in _resolve_lookup
    (bit, current))  # missing attribute
VariableDoesNotExist: Failed lookup for key [name] in u"<RegexURLResolver <module 'writer.urls' from '/home/francisco/Repositories/Turpial/tutorial_blog_turpial/blog/writer/urls.pyc'> (None:None) ^writer/>"
Exception while resolving variable 'name' in template 'unknown'.
Traceback (most recent call last):
  File "/usr/local/lib/python2.7/dist-packages/django/template/base.py", line 907, in _resolve_lookup
    (bit, current))  # missing attribute
VariableDoesNotExist: Failed lookup for key [name] in u"<RegexURLResolver <module 'writer.urls' from '/home/francisco/Repositories/Turpial/tutorial_blog_turpial/blog/writer/urls.pyc'> (None:None) ^writer/>"
Exception while resolving variable 'name' in template 'unknown'.
Traceback (most recent call last):
  File "/usr/local/lib/python2.7/dist-packages/django/template/base.py", line 907, in _resolve_lookup
    (bit, current))  # missing attribute
VariableDoesNotExist: Failed lookup for key [name] in u"<RegexURLResolver <module 'writer.urls' from '/home/francisco/Repositories/Turpial/tutorial_blog_turpial/blog/writer/urls.pyc'> (None:None) ^writer/>"
Not Found: /static/css/bootstrap.min.css
Not Found: /static/css/blog.css
Not Found: /static/js/jquery-3.1.1.min.js
"GET /static/js/jquery-3.1.1.min.js HTTP/1.1" 404 2930
Not Found: /static/bootstrap.min.js
Not Found: /static/js/bootstrap.min.js
"GET /static/css/blog.css HTTP/1.1" 404 2900
"GET /static/bootstrap.min.js HTTP/1.1" 404 2912
"GET /static/css/bootstrap.min.css HTTP/1.1" 404 2927
"GET /static/js/bootstrap.min.js HTTP/1.1" 404 2921
Exception while resolving variable 'name' in template 'unknown'.
Traceback (most recent call last):
  File "/usr/local/lib/python2.7/dist-packages/django/template/base.py", line 907, in _resolve_lookup
    (bit, current))  # missing attribute
VariableDoesNotExist: Failed lookup for key [name] in u'<RegexURLResolver <RegexURLPattern list> (admin:admin) ^admin/>'
Exception while resolving variable 'name' in template 'unknown'.
Traceback (most recent call last):
  File "/usr/local/lib/python2.7/dist-packages/django/template/base.py", line 907, in _resolve_lookup
    (bit, current))  # missing attribute
VariableDoesNotExist: Failed lookup for key [name] in u"<RegexURLResolver <module 'writer.urls' from '/home/francisco/Repositories/Turpial/tutorial_blog_turpial/blog/writer/urls.pyc'> (None:None) ^writer/>"
Not Found: /static/js/bootstrap.min.js
"GET /static/js/bootstrap.min.js HTTP/1.1" 404 2921
Exception while resolving variable 'name' in template 'unknown'.
Traceback (most recent call last):
  File "/usr/local/lib/python2.7/dist-packages/django/template/base.py", line 907, in _resolve_lookup
    (bit, current))  # missing attribute
VariableDoesNotExist: Failed lookup for key [name] in u'<RegexURLResolver <RegexURLPattern list> (admin:admin) ^admin/>'
Exception while resolving variable 'name' in template 'unknown'.
Traceback (most recent call last):
  File "/usr/local/lib/python2.7/dist-packages/django/template/base.py", line 907, in _resolve_lookup
    (bit, current))  # missing attribute
VariableDoesNotExist: Failed lookup for key [name] in u"<RegexURLResolver <module 'writer.urls' from '/home/francisco/Repositories/Turpial/tutorial_blog_turpial/blog/writer/urls.pyc'> (None:None) ^writer/>"
Not Found: /static/bootstrap.min.js
"GET /static/bootstrap.min.js HTTP/1.1" 404 2912
"GET / HTTP/1.1" 200 4104
Exception while resolving variable 'name' in template 'unknown'.
Traceback (most recent call last):
  File "/usr/local/lib/python2.7/dist-packages/django/template/base.py", line 907, in _resolve_lookup
    (bit, current))  # missing attribute
VariableDoesNotExist: Failed lookup for key [name] in u'<RegexURLResolver <RegexURLPattern list> (admin:admin) ^admin/>'
Exception while resolving variable 'name' in template 'unknown'.
Traceback (most recent call last):
  File "/usr/local/lib/python2.7/dist-packages/django/template/base.py", line 907, in _resolve_lookup
    (bit, current))  # missing attribute
VariableDoesNotExist: Failed lookup for key [name] in u"<RegexURLResolver <module 'writer.urls' from '/home/francisco/Repositories/Turpial/tutorial_blog_turpial/blog/writer/urls.pyc'> (None:None) ^writer/>"
Not Found: /static/css/bootstrap.min.css
"GET /static/css/bootstrap.min.css HTTP/1.1" 404 2927
Exception while resolving variable 'name' in template 'unknown'.
Traceback (most recent call last):
  File "/usr/local/lib/python2.7/dist-packages/django/template/base.py", line 907, in _resolve_lookup
    (bit, current))  # missing attribute
VariableDoesNotExist: Failed lookup for key [name] in u'<RegexURLResolver <RegexURLPattern list> (admin:admin) ^admin/>'
Exception while resolving variable 'name' in template 'unknown'.
Traceback (most recent call last):
  File "/usr/local/lib/python2.7/dist-packages/django/template/base.py", line 907, in _resolve_lookup
    (bit, current))  # missing attribute
VariableDoesNotExist: Failed lookup for key [name] in u'<RegexURLResolver <RegexURLPattern list> (admin:admin) ^admin/>'
Exception while resolving variable 'name' in template 'unknown'.
Traceback (most recent call last):
  File "/usr/local/lib/python2.7/dist-packages/django/template/base.py", line 907, in _resolve_lookup
    (bit, current))  # missing attribute
VariableDoesNotExist: Failed lookup for key [name] in u"<RegexURLResolver <module 'writer.urls' from '/home/francisco/Repositories/Turpial/tutorial_blog_turpial/blog/writer/urls.pyc'> (None:None) ^writer/>"
Exception while resolving variable 'name' in template 'unknown'.
Traceback (most recent call last):
  File "/usr/local/lib/python2.7/dist-packages/django/template/base.py", line 907, in _resolve_lookup
    (bit, current))  # missing attribute
VariableDoesNotExist: Failed lookup for key [name] in u"<RegexURLResolver <module 'writer.urls' from '/home/francisco/Repositories/Turpial/tutorial_blog_turpial/blog/writer/urls.pyc'> (None:None) ^writer/>"
Exception while resolving variable 'name' in template 'unknown'.
Traceback (most recent call last):
  File "/usr/local/lib/python2.7/dist-packages/django/template/base.py", line 907, in _resolve_lookup
    (bit, current))  # missing attribute
VariableDoesNotExist: Failed lookup for key [name] in u'<RegexURLResolver <RegexURLPattern list> (admin:admin) ^admin/>'
Not Found: /static/css/blog.css
Exception while resolving variable 'name' in template 'unknown'.
Traceback (most recent call last):
  File "/usr/local/lib/python2.7/dist-packages/django/template/base.py", line 907, in _resolve_lookup
    (bit, current))  # missing attribute
VariableDoesNotExist: Failed lookup for key [name] in u'<RegexURLResolver <RegexURLPattern list> (admin:admin) ^admin/>'
Not Found: /static/js/jquery-3.1.1.min.js
Exception while resolving variable 'name' in template 'unknown'.
Traceback (most recent call last):
  File "/usr/local/lib/python2.7/dist-packages/django/template/base.py", line 907, in _resolve_lookup
    (bit, current))  # missing attribute
VariableDoesNotExist: Failed lookup for key [name] in u"<RegexURLResolver <module 'writer.urls' from '/home/francisco/Repositories/Turpial/tutorial_blog_turpial/blog/writer/urls.pyc'> (None:None) ^writer/>"
"GET /static/css/blog.css HTTP/1.1" 404 2900
Exception while resolving variable 'name' in template 'unknown'.
Traceback (most recent call last):
  File "/usr/local/lib/python2.7/dist-packages/django/template/base.py", line 907, in _resolve_lookup
    (bit, current))  # missing attribute
VariableDoesNotExist: Failed lookup for key [name] in u"<RegexURLResolver <module 'writer.urls' from '/home/francisco/Repositories/Turpial/tutorial_blog_turpial/blog/writer/urls.pyc'> (None:None) ^writer/>"
Not Found: /static/js/bootstrap.min.js
"GET /static/js/jquery-3.1.1.min.js HTTP/1.1" 404 2930
Not Found: /static/bootstrap.min.js
"GET /static/js/bootstrap.min.js HTTP/1.1" 404 2921
"GET /static/bootstrap.min.js HTTP/1.1" 404 2912
Exception while resolving variable 'name' in template 'unknown'.
Traceback (most recent call last):
  File "/usr/local/lib/python2.7/dist-packages/django/template/base.py", line 907, in _resolve_lookup
    (bit, current))  # missing attribute
VariableDoesNotExist: Failed lookup for key [name] in u'<RegexURLResolver <RegexURLPattern list> (admin:admin) ^admin/>'
Exception while resolving variable 'name' in template 'unknown'.
Traceback (most recent call last):
  File "/usr/local/lib/python2.7/dist-packages/django/template/base.py", line 907, in _resolve_lookup
    (bit, current))  # missing attribute
VariableDoesNotExist: Failed lookup for key [name] in u"<RegexURLResolver <module 'writer.urls' from '/home/francisco/Repositories/Turpial/tutorial_blog_turpial/blog/writer/urls.pyc'> (None:None) ^writer/>"
Not Found: /static/js/bootstrap.min.js
"GET /static/js/bootstrap.min.js HTTP/1.1" 404 2921
Exception while resolving variable 'name' in template 'unknown'.
Traceback (most recent call last):
  File "/usr/local/lib/python2.7/dist-packages/django/template/base.py", line 907, in _resolve_lookup
    (bit, current))  # missing attribute
VariableDoesNotExist: Failed lookup for key [name] in u'<RegexURLResolver <RegexURLPattern list> (admin:admin) ^admin/>'
Exception while resolving variable 'name' in template 'unknown'.
Traceback (most recent call last):
  File "/usr/local/lib/python2.7/dist-packages/django/template/base.py", line 907, in _resolve_lookup
    (bit, current))  # missing attribute
VariableDoesNotExist: Failed lookup for key [name] in u"<RegexURLResolver <module 'writer.urls' from '/home/francisco/Repositories/Turpial/tutorial_blog_turpial/blog/writer/urls.pyc'> (None:None) ^writer/>"
Not Found: /static/bootstrap.min.js
"GET /static/bootstrap.min.js HTTP/1.1" 404 2912
"GET / HTTP/1.1" 200 4104
Exception while resolving variable 'name' in template 'unknown'.
Traceback (most recent call last):
  File "/usr/local/lib/python2.7/dist-packages/django/template/base.py", line 907, in _resolve_lookup
    (bit, current))  # missing attribute
VariableDoesNotExist: Failed lookup for key [name] in u'<RegexURLResolver <RegexURLPattern list> (admin:admin) ^admin/>'
Exception while resolving variable 'name' in template 'unknown'.
Traceback (most recent call last):
  File "/usr/local/lib/python2.7/dist-packages/django/template/base.py", line 907, in _resolve_lookup
    (bit, current))  # missing attribute
VariableDoesNotExist: Failed lookup for key [name] in u"<RegexURLResolver <module 'writer.urls' from '/home/francisco/Repositories/Turpial/tutorial_blog_turpial/blog/writer/urls.pyc'> (None:None) ^writer/>"
Exception while resolving variable 'name' in template 'unknown'.
Traceback (most recent call last):
  File "/usr/local/lib/python2.7/dist-packages/django/template/base.py", line 907, in _resolve_lookup
    (bit, current))  # missing attribute
VariableDoesNotExist: Failed lookup for key [name] in u'<RegexURLResolver <RegexURLPattern list> (admin:admin) ^admin/>'
Not Found: /static/css/bootstrap.min.css
Exception while resolving variable 'name' in template 'unknown'.
Traceback (most recent call last):
  File "/usr/local/lib/python2.7/dist-packages/django/template/base.py", line 907, in _resolve_lookup
    (bit, current))  # missing attribute
VariableDoesNotExist: Failed lookup for key [name] in u"<RegexURLResolver <module 'writer.urls' from '/home/francisco/Repositories/Turpial/tutorial_blog_turpial/blog/writer/urls.pyc'> (None:None) ^writer/>"
Exception while resolving variable 'name' in template 'unknown'.
Traceback (most recent call last):
  File "/usr/local/lib/python2.7/dist-packages/django/template/base.py", line 907, in _resolve_lookup
    (bit, current))  # missing attribute
VariableDoesNotExist: Failed lookup for key [name] in u'<RegexURLResolver <RegexURLPattern list> (admin:admin) ^admin/>'
Exception while resolving variable 'name' in template 'unknown'.
Traceback (most recent call last):
  File "/usr/local/lib/python2.7/dist-packages/django/template/base.py", line 907, in _resolve_lookup
    (bit, current))  # missing attribute
VariableDoesNotExist: Failed lookup for key [name] in u'<RegexURLResolver <RegexURLPattern list> (admin:admin) ^admin/>'
Exception while resolving variable 'name' in template 'unknown'.
Traceback (most recent call last):
  File "/usr/local/lib/python2.7/dist-packages/django/template/base.py", line 907, in _resolve_lookup
    (bit, current))  # missing attribute
VariableDoesNotExist: Failed lookup for key [name] in u"<RegexURLResolver <module 'writer.urls' from '/home/francisco/Repositories/Turpial/tutorial_blog_turpial/blog/writer/urls.pyc'> (None:None) ^writer/>"
Exception while resolving variable 'name' in template 'unknown'.
Traceback (most recent call last):
  File "/usr/local/lib/python2.7/dist-packages/django/template/base.py", line 907, in _resolve_lookup
    (bit, current))  # missing attribute
VariableDoesNotExist: Failed lookup for key [name] in u'<RegexURLResolver <RegexURLPattern list> (admin:admin) ^admin/>'
Not Found: /static/css/blog.css
"GET /static/css/bootstrap.min.css HTTP/1.1" 404 2927
Exception while resolving variable 'name' in template 'unknown'.
Traceback (most recent call last):
  File "/usr/local/lib/python2.7/dist-packages/django/template/base.py", line 907, in _resolve_lookup
    (bit, current))  # missing attribute
VariableDoesNotExist: Failed lookup for key [name] in u"<RegexURLResolver <module 'writer.urls' from '/home/francisco/Repositories/Turpial/tutorial_blog_turpial/blog/writer/urls.pyc'> (None:None) ^writer/>"
Not Found: /static/js/bootstrap.min.js
Exception while resolving variable 'name' in template 'unknown'.
Traceback (most recent call last):
  File "/usr/local/lib/python2.7/dist-packages/django/template/base.py", line 907, in _resolve_lookup
    (bit, current))  # missing attribute
VariableDoesNotExist: Failed lookup for key [name] in u"<RegexURLResolver <module 'writer.urls' from '/home/francisco/Repositories/Turpial/tutorial_blog_turpial/blog/writer/urls.pyc'> (None:None) ^writer/>"
"GET /static/css/blog.css HTTP/1.1" 404 2900
Not Found: /static/js/jquery-3.1.1.min.js
Not Found: /static/bootstrap.min.js
"GET /static/js/bootstrap.min.js HTTP/1.1" 404 2921
"GET /static/js/jquery-3.1.1.min.js HTTP/1.1" 404 2930
"GET /static/bootstrap.min.js HTTP/1.1" 404 2912
Exception while resolving variable 'name' in template 'unknown'.
Traceback (most recent call last):
  File "/usr/local/lib/python2.7/dist-packages/django/template/base.py", line 907, in _resolve_lookup
    (bit, current))  # missing attribute
VariableDoesNotExist: Failed lookup for key [name] in u'<RegexURLResolver <RegexURLPattern list> (admin:admin) ^admin/>'
Exception while resolving variable 'name' in template 'unknown'.
Traceback (most recent call last):
  File "/usr/local/lib/python2.7/dist-packages/django/template/base.py", line 907, in _resolve_lookup
    (bit, current))  # missing attribute
VariableDoesNotExist: Failed lookup for key [name] in u"<RegexURLResolver <module 'writer.urls' from '/home/francisco/Repositories/Turpial/tutorial_blog_turpial/blog/writer/urls.pyc'> (None:None) ^writer/>"
Not Found: /static/js/bootstrap.min.js
"GET /static/js/bootstrap.min.js HTTP/1.1" 404 2921
Exception while resolving variable 'name' in template 'unknown'.
Traceback (most recent call last):
  File "/usr/local/lib/python2.7/dist-packages/django/template/base.py", line 907, in _resolve_lookup
    (bit, current))  # missing attribute
VariableDoesNotExist: Failed lookup for key [name] in u'<RegexURLResolver <RegexURLPattern list> (admin:admin) ^admin/>'
Exception while resolving variable 'name' in template 'unknown'.
Traceback (most recent call last):
  File "/usr/local/lib/python2.7/dist-packages/django/template/base.py", line 907, in _resolve_lookup
    (bit, current))  # missing attribute
VariableDoesNotExist: Failed lookup for key [name] in u"<RegexURLResolver <module 'writer.urls' from '/home/francisco/Repositories/Turpial/tutorial_blog_turpial/blog/writer/urls.pyc'> (None:None) ^writer/>"
Not Found: /static/bootstrap.min.js
"GET /static/bootstrap.min.js HTTP/1.1" 404 2912
Internal Server Error: /
Traceback (most recent call last):
  File "/usr/local/lib/python2.7/dist-packages/django/core/handlers/exception.py", line 39, in inner
    response = get_response(request)
  File "/usr/local/lib/python2.7/dist-packages/django/core/handlers/base.py", line 187, in _get_response
    response = self.process_exception_by_middleware(e, request)
  File "/usr/local/lib/python2.7/dist-packages/django/core/handlers/base.py", line 185, in _get_response
    response = wrapped_callback(request, *callback_args, **callback_kwargs)
  File "/home/francisco/Repositories/Turpial/tutorial_blog_turpial/blog/commons/views.py", line 36, in indexView
    logger.error(exc_info[0])
TypeError: 'builtin_function_or_method' object has no attribute '__getitem__'
"GET / HTTP/1.1" 500 72483
Internal Server Error: /
Traceback (most recent call last):
  File "/usr/local/lib/python2.7/dist-packages/django/core/handlers/exception.py", line 39, in inner
    response = get_response(request)
  File "/usr/local/lib/python2.7/dist-packages/django/core/handlers/base.py", line 187, in _get_response
    response = self.process_exception_by_middleware(e, request)
  File "/usr/local/lib/python2.7/dist-packages/django/core/handlers/base.py", line 185, in _get_response
    response = wrapped_callback(request, *callback_args, **callback_kwargs)
  File "/home/francisco/Repositories/Turpial/tutorial_blog_turpial/blog/commons/views.py", line 36, in indexView
    logger.error(exc_info[0])
TypeError: 'builtin_function_or_method' object has no attribute '__getitem__'
"GET / HTTP/1.1" 500 72483
Internal Server Error: /
Traceback (most recent call last):
  File "/usr/local/lib/python2.7/dist-packages/django/core/handlers/exception.py", line 39, in inner
    response = get_response(request)
  File "/usr/local/lib/python2.7/dist-packages/django/core/handlers/base.py", line 187, in _get_response
    response = self.process_exception_by_middleware(e, request)
  File "/usr/local/lib/python2.7/dist-packages/django/core/handlers/base.py", line 185, in _get_response
    response = wrapped_callback(request, *callback_args, **callback_kwargs)
  File "/home/francisco/Repositories/Turpial/tutorial_blog_turpial/blog/commons/views.py", line 36, in indexView
    logger.error(exc_info[0])
TypeError: 'builtin_function_or_method' object has no attribute '__getitem__'
"GET / HTTP/1.1" 500 72483
Internal Server Error: /
Traceback (most recent call last):
  File "/usr/local/lib/python2.7/dist-packages/django/core/handlers/exception.py", line 39, in inner
    response = get_response(request)
  File "/usr/local/lib/python2.7/dist-packages/django/core/handlers/base.py", line 187, in _get_response
    response = self.process_exception_by_middleware(e, request)
  File "/usr/local/lib/python2.7/dist-packages/django/core/handlers/base.py", line 185, in _get_response
    response = wrapped_callback(request, *callback_args, **callback_kwargs)
  File "/home/francisco/Repositories/Turpial/tutorial_blog_turpial/blog/commons/views.py", line 36, in indexView
    logger.error(exc_info[0])
TypeError: 'builtin_function_or_method' object has no attribute '__getitem__'
"GET / HTTP/1.1" 500 72483
Internal Server Error: /login
Traceback (most recent call last):
  File "/usr/local/lib/python2.7/dist-packages/django/core/handlers/exception.py", line 39, in inner
    response = get_response(request)
  File "/usr/local/lib/python2.7/dist-packages/django/core/handlers/base.py", line 187, in _get_response
    response = self.process_exception_by_middleware(e, request)
  File "/usr/local/lib/python2.7/dist-packages/django/core/handlers/base.py", line 185, in _get_response
    response = wrapped_callback(request, *callback_args, **callback_kwargs)
  File "/home/francisco/Repositories/Turpial/tutorial_blog_turpial/blog/commons/views.py", line 97, in loginView
    logger.error(exc_info[0])
TypeError: 'builtin_function_or_method' object has no attribute '__getitem__'
"GET /login HTTP/1.1" 500 72749
